[0.972s] Invoking command in '/home/ros/ros2_ws/src/my_first_package': PYTHONPATH=/home/ros/ros2_ws/build/my_first_package/prefix_override:/usr/lib/python3/dist-packages/colcon_core/task/python/colcon_distutils_commands:/home/ros/ros2_ws/install/my_first_package/lib/python3.10/site-packages:${PYTHONPATH} /usr/bin/python3 -W ignore:setup.py install is deprecated setup.py egg_info --egg-base ../../build/my_first_package build --build-base /home/ros/ros2_ws/build/my_first_package/build install --record /home/ros/ros2_ws/build/my_first_package/install.log --single-version-externally-managed install_data
[1.267s] running egg_info
[1.268s] writing ../../build/my_first_package/my_first_package.egg-info/PKG-INFO
[1.268s] writing dependency_links to ../../build/my_first_package/my_first_package.egg-info/dependency_links.txt
[1.269s] writing entry points to ../../build/my_first_package/my_first_package.egg-info/entry_points.txt
[1.269s] writing requirements to ../../build/my_first_package/my_first_package.egg-info/requires.txt
[1.269s] writing top-level names to ../../build/my_first_package/my_first_package.egg-info/top_level.txt
[1.271s] reading manifest file '../../build/my_first_package/my_first_package.egg-info/SOURCES.txt'
[1.273s] writing manifest file '../../build/my_first_package/my_first_package.egg-info/SOURCES.txt'
[1.273s] running build
[1.274s] running build_py
[1.274s] running install
[1.274s] running install_lib
[1.276s] running install_data
[1.276s] running install_egg_info
[1.279s] removing '/home/ros/ros2_ws/install/my_first_package/lib/python3.10/site-packages/my_first_package-0.0.0-py3.10.egg-info' (and everything under it)
[1.279s] Copying ../../build/my_first_package/my_first_package.egg-info to /home/ros/ros2_ws/install/my_first_package/lib/python3.10/site-packages/my_first_package-0.0.0-py3.10.egg-info
[1.280s] running install_scripts
[1.307s] Installing my_first_node script to /home/ros/ros2_ws/install/my_first_package/lib/my_first_package
[1.307s] writing list of installed files to '/home/ros/ros2_ws/build/my_first_package/install.log'
[1.345s] Invoked command in '/home/ros/ros2_ws/src/my_first_package' returned '0': PYTHONPATH=/home/ros/ros2_ws/build/my_first_package/prefix_override:/usr/lib/python3/dist-packages/colcon_core/task/python/colcon_distutils_commands:/home/ros/ros2_ws/install/my_first_package/lib/python3.10/site-packages:${PYTHONPATH} /usr/bin/python3 -W ignore:setup.py install is deprecated setup.py egg_info --egg-base ../../build/my_first_package build --build-base /home/ros/ros2_ws/build/my_first_package/build install --record /home/ros/ros2_ws/build/my_first_package/install.log --single-version-externally-managed install_data
