[0.000000] (-) TimerEvent: {}
[0.000163] (my_first_package) JobQueued: {'identifier': 'my_first_package', 'dependencies': OrderedDict()}
[0.000197] (proj_bixos) JobQueued: {'identifier': 'proj_bixos', 'dependencies': OrderedDict()}
[0.000227] (my_first_package) JobStarted: {'identifier': 'my_first_package'}
[0.006872] (proj_bixos) JobStarted: {'identifier': 'proj_bixos'}
[0.099736] (-) TimerEvent: {}
[0.154823] (proj_bixos) JobProgress: {'identifier': 'proj_bixos', 'progress': 'cmake'}
[0.155589] (proj_bixos) JobProgress: {'identifier': 'proj_bixos', 'progress': 'build'}
[0.155660] (proj_bixos) Command: {'cmd': ['/usr/bin/cmake', '--build', '/home/ros/ros2_ws/build/proj_bixos', '--', '-j12', '-l12'], 'cwd': '/home/ros/ros2_ws/build/proj_bixos', 'env': OrderedDict([('HOSTNAME', 'jpbg'), ('SHLVL', '1'), ('LD_LIBRARY_PATH', '/opt/ros/humble/opt/rviz_ogre_vendor/lib:/opt/ros/humble/lib/x86_64-linux-gnu:/opt/ros/humble/lib'), ('HOME', '/home/ros'), ('OLDPWD', '/'), ('ROS_PYTHON_VERSION', '3'), ('COLCON_PREFIX_PATH', '/home/ros/ros2_ws/install'), ('ROS_DISTRO', 'humble'), ('_', '/usr/bin/colcon'), ('ROS_VERSION', '2'), ('TERM', 'xterm'), ('ROS_LOCALHOST_ONLY', '0'), ('PATH', '/opt/ros/humble/bin:/usr/local/sbin:/usr/local/bin:/usr/sbin:/usr/bin:/sbin:/bin'), ('DISPLAY', ':0'), ('LANG', 'C.UTF-8'), ('AMENT_PREFIX_PATH', '/home/ros/ros2_ws/install/proj_bixos:/home/ros/ros2_ws/install/my_first_package:/opt/ros/humble'), ('PWD', '/home/ros/ros2_ws/build/proj_bixos'), ('LC_ALL', 'C.UTF-8'), ('PYTHONPATH', '/home/ros/ros2_ws/install/my_first_package/lib/python3.10/site-packages:/opt/ros/humble/lib/python3.10/site-packages:/opt/ros/humble/local/lib/python3.10/dist-packages'), ('COLCON', '1'), ('CMAKE_PREFIX_PATH', '/home/ros/ros2_ws/install/proj_bixos:/home/ros/ros2_ws/install/my_first_package:/opt/ros/humble')]), 'shell': False}
[0.195359] (proj_bixos) CommandEnded: {'returncode': 0}
[0.199848] (-) TimerEvent: {}
[0.214647] (proj_bixos) JobProgress: {'identifier': 'proj_bixos', 'progress': 'install'}
[0.223281] (proj_bixos) Command: {'cmd': ['/usr/bin/cmake', '--install', '/home/ros/ros2_ws/build/proj_bixos'], 'cwd': '/home/ros/ros2_ws/build/proj_bixos', 'env': OrderedDict([('HOSTNAME', 'jpbg'), ('SHLVL', '1'), ('LD_LIBRARY_PATH', '/opt/ros/humble/opt/rviz_ogre_vendor/lib:/opt/ros/humble/lib/x86_64-linux-gnu:/opt/ros/humble/lib'), ('HOME', '/home/ros'), ('OLDPWD', '/'), ('ROS_PYTHON_VERSION', '3'), ('COLCON_PREFIX_PATH', '/home/ros/ros2_ws/install'), ('ROS_DISTRO', 'humble'), ('_', '/usr/bin/colcon'), ('ROS_VERSION', '2'), ('TERM', 'xterm'), ('ROS_LOCALHOST_ONLY', '0'), ('PATH', '/opt/ros/humble/bin:/usr/local/sbin:/usr/local/bin:/usr/sbin:/usr/bin:/sbin:/bin'), ('DISPLAY', ':0'), ('LANG', 'C.UTF-8'), ('AMENT_PREFIX_PATH', '/home/ros/ros2_ws/install/proj_bixos:/home/ros/ros2_ws/install/my_first_package:/opt/ros/humble'), ('PWD', '/home/ros/ros2_ws/build/proj_bixos'), ('LC_ALL', 'C.UTF-8'), ('PYTHONPATH', '/home/ros/ros2_ws/install/my_first_package/lib/python3.10/site-packages:/opt/ros/humble/lib/python3.10/site-packages:/opt/ros/humble/local/lib/python3.10/dist-packages'), ('COLCON', '1'), ('CMAKE_PREFIX_PATH', '/home/ros/ros2_ws/install/proj_bixos:/home/ros/ros2_ws/install/my_first_package:/opt/ros/humble')]), 'shell': False}
[0.230673] (proj_bixos) StdoutLine: {'line': b'-- Install configuration: ""\n'}
[0.230982] (proj_bixos) StdoutLine: {'line': b'-- Up-to-date: /home/ros/ros2_ws/install/proj_bixos/lib/proj_bixos/data_collection_node.py\n'}
[0.231060] (proj_bixos) StdoutLine: {'line': b'-- Up-to-date: /home/ros/ros2_ws/install/proj_bixos/lib/proj_bixos/cam_collection_node.py\n'}
[0.231135] (proj_bixos) StdoutLine: {'line': b'-- Up-to-date: /home/ros/ros2_ws/install/proj_bixos/lib/proj_bixos/overlay_test.py\n'}
[0.231252] (proj_bixos) StdoutLine: {'line': b'-- Up-to-date: /home/ros/ros2_ws/install/proj_bixos/share/ament_index/resource_index/package_run_dependencies/proj_bixos\n'}
[0.231329] (proj_bixos) StdoutLine: {'line': b'-- Up-to-date: /home/ros/ros2_ws/install/proj_bixos/share/ament_index/resource_index/parent_prefix_path/proj_bixos\n'}
[0.231441] (proj_bixos) StdoutLine: {'line': b'-- Up-to-date: /home/ros/ros2_ws/install/proj_bixos/share/proj_bixos/environment/ament_prefix_path.sh\n'}
[0.231502] (proj_bixos) StdoutLine: {'line': b'-- Up-to-date: /home/ros/ros2_ws/install/proj_bixos/share/proj_bixos/environment/ament_prefix_path.dsv\n'}
[0.231560] (proj_bixos) StdoutLine: {'line': b'-- Up-to-date: /home/ros/ros2_ws/install/proj_bixos/share/proj_bixos/environment/path.sh\n'}
[0.231619] (proj_bixos) StdoutLine: {'line': b'-- Up-to-date: /home/ros/ros2_ws/install/proj_bixos/share/proj_bixos/environment/path.dsv\n'}
[0.231678] (proj_bixos) StdoutLine: {'line': b'-- Up-to-date: /home/ros/ros2_ws/install/proj_bixos/share/proj_bixos/local_setup.bash\n'}
[0.231735] (proj_bixos) StdoutLine: {'line': b'-- Up-to-date: /home/ros/ros2_ws/install/proj_bixos/share/proj_bixos/local_setup.sh\n'}
[0.231795] (proj_bixos) StdoutLine: {'line': b'-- Up-to-date: /home/ros/ros2_ws/install/proj_bixos/share/proj_bixos/local_setup.zsh\n'}
[0.231854] (proj_bixos) StdoutLine: {'line': b'-- Up-to-date: /home/ros/ros2_ws/install/proj_bixos/share/proj_bixos/local_setup.dsv\n'}
[0.231912] (proj_bixos) StdoutLine: {'line': b'-- Installing: /home/ros/ros2_ws/install/proj_bixos/share/proj_bixos/package.dsv\n'}
[0.231970] (proj_bixos) StdoutLine: {'line': b'-- Up-to-date: /home/ros/ros2_ws/install/proj_bixos/share/ament_index/resource_index/packages/proj_bixos\n'}
[0.232032] (proj_bixos) StdoutLine: {'line': b'-- Up-to-date: /home/ros/ros2_ws/install/proj_bixos/share/proj_bixos/cmake/proj_bixosConfig.cmake\n'}
[0.232095] (proj_bixos) StdoutLine: {'line': b'-- Up-to-date: /home/ros/ros2_ws/install/proj_bixos/share/proj_bixos/cmake/proj_bixosConfig-version.cmake\n'}
[0.232190] (proj_bixos) StdoutLine: {'line': b'-- Up-to-date: /home/ros/ros2_ws/install/proj_bixos/share/proj_bixos/package.xml\n'}
[0.232749] (proj_bixos) CommandEnded: {'returncode': 0}
[0.265814] (proj_bixos) JobEnded: {'identifier': 'proj_bixos', 'rc': 0}
[0.299971] (-) TimerEvent: {}
[0.366628] (my_first_package) Command: {'cmd': ['/usr/bin/python3', '-W', 'ignore:setup.py install is deprecated', 'setup.py', 'egg_info', '--egg-base', '../../build/my_first_package', 'build', '--build-base', '/home/ros/ros2_ws/build/my_first_package/build', 'install', '--record', '/home/ros/ros2_ws/build/my_first_package/install.log', '--single-version-externally-managed', 'install_data'], 'cwd': '/home/ros/ros2_ws/src/my_first_package', 'env': {'HOSTNAME': 'jpbg', 'SHLVL': '1', 'LD_LIBRARY_PATH': '/opt/ros/humble/opt/rviz_ogre_vendor/lib:/opt/ros/humble/lib/x86_64-linux-gnu:/opt/ros/humble/lib', 'HOME': '/home/ros', 'OLDPWD': '/', 'ROS_PYTHON_VERSION': '3', 'COLCON_PREFIX_PATH': '/home/ros/ros2_ws/install', 'ROS_DISTRO': 'humble', '_': '/usr/bin/colcon', 'ROS_VERSION': '2', 'TERM': 'xterm', 'ROS_LOCALHOST_ONLY': '0', 'PATH': '/opt/ros/humble/bin:/usr/local/sbin:/usr/local/bin:/usr/sbin:/usr/bin:/sbin:/bin', 'DISPLAY': ':0', 'LANG': 'C.UTF-8', 'AMENT_PREFIX_PATH': '/home/ros/ros2_ws/install/proj_bixos:/home/ros/ros2_ws/install/my_first_package:/opt/ros/humble', 'PWD': '/home/ros/ros2_ws/build/my_first_package', 'LC_ALL': 'C.UTF-8', 'PYTHONPATH': '/home/ros/ros2_ws/build/my_first_package/prefix_override:/usr/lib/python3/dist-packages/colcon_core/task/python/colcon_distutils_commands:/home/ros/ros2_ws/install/my_first_package/lib/python3.10/site-packages:/home/ros/ros2_ws/install/my_first_package/lib/python3.10/site-packages:/opt/ros/humble/lib/python3.10/site-packages:/opt/ros/humble/local/lib/python3.10/dist-packages', 'COLCON': '1', 'CMAKE_PREFIX_PATH': '/home/ros/ros2_ws/install/proj_bixos'}, 'shell': False}
[0.400190] (-) TimerEvent: {}
[0.500465] (-) TimerEvent: {}
[0.507607] (my_first_package) StdoutLine: {'line': b'running egg_info\n'}
[0.509346] (my_first_package) StdoutLine: {'line': b'writing ../../build/my_first_package/my_first_package.egg-info/PKG-INFO\n'}
[0.509770] (my_first_package) StdoutLine: {'line': b'writing dependency_links to ../../build/my_first_package/my_first_package.egg-info/dependency_links.txt\n'}
[0.509968] (my_first_package) StdoutLine: {'line': b'writing entry points to ../../build/my_first_package/my_first_package.egg-info/entry_points.txt\n'}
[0.510188] (my_first_package) StdoutLine: {'line': b'writing requirements to ../../build/my_first_package/my_first_package.egg-info/requires.txt\n'}
[0.510382] (my_first_package) StdoutLine: {'line': b'writing top-level names to ../../build/my_first_package/my_first_package.egg-info/top_level.txt\n'}
[0.514027] (my_first_package) StdoutLine: {'line': b"reading manifest file '../../build/my_first_package/my_first_package.egg-info/SOURCES.txt'\n"}
[0.515828] (my_first_package) StdoutLine: {'line': b"writing manifest file '../../build/my_first_package/my_first_package.egg-info/SOURCES.txt'\n"}
[0.516284] (my_first_package) StdoutLine: {'line': b'running build\n'}
[0.516598] (my_first_package) StdoutLine: {'line': b'running build_py\n'}
[0.516862] (my_first_package) StdoutLine: {'line': b'running install\n'}
[0.517416] (my_first_package) StdoutLine: {'line': b'running install_lib\n'}
[0.520015] (my_first_package) StdoutLine: {'line': b'running install_data\n'}
[0.520447] (my_first_package) StdoutLine: {'line': b'running install_egg_info\n'}
[0.523893] (my_first_package) StdoutLine: {'line': b"removing '/home/ros/ros2_ws/install/my_first_package/lib/python3.10/site-packages/my_first_package-0.0.0-py3.10.egg-info' (and everything under it)\n"}
[0.524557] (my_first_package) StdoutLine: {'line': b'Copying ../../build/my_first_package/my_first_package.egg-info to /home/ros/ros2_ws/install/my_first_package/lib/python3.10/site-packages/my_first_package-0.0.0-py3.10.egg-info\n'}
[0.526795] (my_first_package) StdoutLine: {'line': b'running install_scripts\n'}
[0.562540] (my_first_package) StdoutLine: {'line': b'Installing my_first_node script to /home/ros/ros2_ws/install/my_first_package/lib/my_first_package\n'}
[0.562941] (my_first_package) StdoutLine: {'line': b"writing list of installed files to '/home/ros/ros2_ws/build/my_first_package/install.log'\n"}
[0.592095] (my_first_package) CommandEnded: {'returncode': 0}
[0.596424] (my_first_package) JobEnded: {'identifier': 'my_first_package', 'rc': 0}
[0.597150] (-) EventReactorShutdown: {}
