[0.156s] Invoking command in '/home/ros/ros2_ws/build/proj_bixos': CMAKE_PREFIX_PATH=${CMAKE_PREFIX_PATH}:/home/ros/ros2_ws/install/my_first_package:/opt/ros/humble /usr/bin/cmake /home/ros/ros2_ws/src/proj_bixos -DCMAKE_INSTALL_PREFIX=/home/ros/ros2_ws/install/proj_bixos
[0.289s] -- The C compiler identification is GNU 11.4.0
[0.342s] -- The CXX compiler identification is GNU 11.4.0
[0.349s] -- Detecting C compiler ABI info
[0.410s] -- Detecting C compiler ABI info - done
[0.416s] -- Check for working C compiler: /usr/bin/cc - skipped
[0.416s] -- Detecting C compile features
[0.417s] -- Detecting C compile features - done
[0.419s] -- Detecting CXX compiler ABI info
[0.488s] -- Detecting CXX compiler ABI info - done
[0.497s] -- Check for working CXX compiler: /usr/bin/c++ - skipped
[0.497s] -- Detecting CXX compile features
[0.497s] -- Detecting CXX compile features - done
[0.507s] -- Found ament_cmake: 1.3.10 (/opt/ros/humble/share/ament_cmake/cmake)
[0.647s] -- Found Python3: /usr/bin/python3 (found version "3.10.12") found components: Interpreter 
[0.734s] -- Found rclcpp: 16.0.10 (/opt/ros/humble/share/rclcpp/cmake)
[0.792s] -- Found rosidl_generator_c: 3.1.5 (/opt/ros/humble/share/rosidl_generator_c/cmake)
[0.798s] -- Found rosidl_adapter: 3.1.5 (/opt/ros/humble/share/rosidl_adapter/cmake)
[0.805s] -- Found rosidl_generator_cpp: 3.1.5 (/opt/ros/humble/share/rosidl_generator_cpp/cmake)
[0.814s] -- Using all available rosidl_typesupport_c: rosidl_typesupport_fastrtps_c;rosidl_typesupport_introspection_c
[0.827s] -- Using all available rosidl_typesupport_cpp: rosidl_typesupport_fastrtps_cpp;rosidl_typesupport_introspection_cpp
[0.865s] -- Found rmw_implementation_cmake: 6.1.2 (/opt/ros/humble/share/rmw_implementation_cmake/cmake)
[0.868s] -- Found rmw_fastrtps_cpp: 6.2.7 (/opt/ros/humble/share/rmw_fastrtps_cpp/cmake)
[0.959s] -- Found OpenSSL: /usr/lib/x86_64-linux-gnu/libcrypto.so (found version "3.0.2")  
[0.984s] -- Found FastRTPS: /opt/ros/humble/include  
[1.029s] -- Using RMW implementation 'rmw_fastrtps_cpp' as default
[1.035s] -- Looking for pthread.h
[1.136s] -- Looking for pthread.h - found
[1.137s] -- Performing Test CMAKE_HAVE_LIBC_PTHREAD
[1.256s] -- Performing Test CMAKE_HAVE_LIBC_PTHREAD - Success
[1.257s] -- Found Threads: TRUE  
[1.304s] -- Found rclpy: 3.3.14 (/opt/ros/humble/share/rclpy/cmake)
[1.306s] -- Found geometry_msgs: 4.2.4 (/opt/ros/humble/share/geometry_msgs/cmake)
[1.322s] -- Found sensor_msgs: 4.2.4 (/opt/ros/humble/share/sensor_msgs/cmake)
[1.342s] -- Found cv_bridge: 3.2.1 (/opt/ros/humble/share/cv_bridge/cmake)
[1.354s] -- Found ament_lint_auto: 0.12.11 (/opt/ros/humble/share/ament_lint_auto/cmake)
[1.437s] -- Added test 'flake8' to check Python code syntax and style conventions
[1.438s] -- Added test 'lint_cmake' to check CMake code style
[1.438s] -- Added test 'pep257' to check Python code against some of the docstring style conventions in PEP 257
[1.439s] -- Added test 'xmllint' to check XML markup files
[1.440s] -- Configuring done
[1.443s] -- Generating done
[1.444s] -- Build files have been written to: /home/ros/ros2_ws/build/proj_bixos
[1.451s] Invoked command in '/home/ros/ros2_ws/build/proj_bixos' returned '0': CMAKE_PREFIX_PATH=${CMAKE_PREFIX_PATH}:/home/ros/ros2_ws/install/my_first_package:/opt/ros/humble /usr/bin/cmake /home/ros/ros2_ws/src/proj_bixos -DCMAKE_INSTALL_PREFIX=/home/ros/ros2_ws/install/proj_bixos
[1.452s] Invoking command in '/home/ros/ros2_ws/build/proj_bixos': CMAKE_PREFIX_PATH=${CMAKE_PREFIX_PATH}:/home/ros/ros2_ws/install/my_first_package:/opt/ros/humble /usr/bin/cmake --build /home/ros/ros2_ws/build/proj_bixos -- -j12 -l12
[1.494s] Invoked command in '/home/ros/ros2_ws/build/proj_bixos' returned '0': CMAKE_PREFIX_PATH=${CMAKE_PREFIX_PATH}:/home/ros/ros2_ws/install/my_first_package:/opt/ros/humble /usr/bin/cmake --build /home/ros/ros2_ws/build/proj_bixos -- -j12 -l12
[1.525s] Invoking command in '/home/ros/ros2_ws/build/proj_bixos': CMAKE_PREFIX_PATH=${CMAKE_PREFIX_PATH}:/home/ros/ros2_ws/install/my_first_package:/opt/ros/humble /usr/bin/cmake --install /home/ros/ros2_ws/build/proj_bixos
[1.532s] -- Install configuration: ""
[1.533s] -- Installing: /home/ros/ros2_ws/install/proj_bixos/lib/proj_bixos/data_collection_node.py
[1.533s] -- Installing: /home/ros/ros2_ws/install/proj_bixos/lib/proj_bixos/cam_collection_node.py
[1.533s] -- Installing: /home/ros/ros2_ws/install/proj_bixos/lib/proj_bixos/overlay_test.py
[1.533s] -- Installing: /home/ros/ros2_ws/install/proj_bixos/share/ament_index/resource_index/package_run_dependencies/proj_bixos
[1.533s] -- Installing: /home/ros/ros2_ws/install/proj_bixos/share/ament_index/resource_index/parent_prefix_path/proj_bixos
[1.533s] -- Installing: /home/ros/ros2_ws/install/proj_bixos/share/proj_bixos/environment/ament_prefix_path.sh
[1.534s] -- Installing: /home/ros/ros2_ws/install/proj_bixos/share/proj_bixos/environment/ament_prefix_path.dsv
[1.534s] -- Installing: /home/ros/ros2_ws/install/proj_bixos/share/proj_bixos/environment/path.sh
[1.534s] -- Installing: /home/ros/ros2_ws/install/proj_bixos/share/proj_bixos/environment/path.dsv
[1.534s] -- Installing: /home/ros/ros2_ws/install/proj_bixos/share/proj_bixos/local_setup.bash
[1.534s] -- Installing: /home/ros/ros2_ws/install/proj_bixos/share/proj_bixos/local_setup.sh
[1.534s] -- Installing: /home/ros/ros2_ws/install/proj_bixos/share/proj_bixos/local_setup.zsh
[1.535s] -- Installing: /home/ros/ros2_ws/install/proj_bixos/share/proj_bixos/local_setup.dsv
[1.535s] -- Installing: /home/ros/ros2_ws/install/proj_bixos/share/proj_bixos/package.dsv
[1.535s] -- Installing: /home/ros/ros2_ws/install/proj_bixos/share/ament_index/resource_index/packages/proj_bixos
[1.535s] -- Installing: /home/ros/ros2_ws/install/proj_bixos/share/proj_bixos/cmake/proj_bixosConfig.cmake
[1.536s] -- Installing: /home/ros/ros2_ws/install/proj_bixos/share/proj_bixos/cmake/proj_bixosConfig-version.cmake
[1.536s] -- Installing: /home/ros/ros2_ws/install/proj_bixos/share/proj_bixos/package.xml
[1.540s] Invoked command in '/home/ros/ros2_ws/build/proj_bixos' returned '0': CMAKE_PREFIX_PATH=${CMAKE_PREFIX_PATH}:/home/ros/ros2_ws/install/my_first_package:/opt/ros/humble /usr/bin/cmake --install /home/ros/ros2_ws/build/proj_bixos
