[2.048s] Invoking command in '/home/ros/ros2_ws/src/my_first_package': PYTHONPATH=/home/ros/ros2_ws/build/my_first_package/prefix_override:/home/ros/ros2_ws/install/my_first_package/lib/python3.10/site-packages:${PYTHONPATH} /usr/bin/python3 setup.py egg_info --egg-base ../../build/my_first_package build --build-base /home/ros/ros2_ws/build/my_first_package/build install --record /home/ros/ros2_ws/build/my_first_package/install.log --single-version-externally-managed
[2.237s] running egg_info
[2.238s] creating ../../build/my_first_package/my_first_package.egg-info
[2.238s] writing ../../build/my_first_package/my_first_package.egg-info/PKG-INFO
[2.238s] writing dependency_links to ../../build/my_first_package/my_first_package.egg-info/dependency_links.txt
[2.238s] writing entry points to ../../build/my_first_package/my_first_package.egg-info/entry_points.txt
[2.238s] writing requirements to ../../build/my_first_package/my_first_package.egg-info/requires.txt
[2.238s] writing top-level names to ../../build/my_first_package/my_first_package.egg-info/top_level.txt
[2.238s] writing manifest file '../../build/my_first_package/my_first_package.egg-info/SOURCES.txt'
[2.239s] reading manifest file '../../build/my_first_package/my_first_package.egg-info/SOURCES.txt'
[2.240s] writing manifest file '../../build/my_first_package/my_first_package.egg-info/SOURCES.txt'
[2.240s] running build
[2.240s] running build_py
[2.240s] creating /home/ros/ros2_ws/build/my_first_package/build
[2.240s] creating /home/ros/ros2_ws/build/my_first_package/build/lib
[2.240s] creating /home/ros/ros2_ws/build/my_first_package/build/lib/my_first_package
[2.240s] copying my_first_package/__init__.py -> /home/ros/ros2_ws/build/my_first_package/build/lib/my_first_package
[2.240s] running install
[2.244s] /usr/lib/python3/dist-packages/setuptools/command/install.py:34: SetuptoolsDeprecationWarning: setup.py install is deprecated. Use build and pip and other standards-based tools.
[2.244s]   warnings.warn(
[2.244s] running install_lib
[2.245s] creating /home/ros/ros2_ws/install/my_first_package/lib/python3.10/site-packages/my_first_package
[2.245s] copying /home/ros/ros2_ws/build/my_first_package/build/lib/my_first_package/__init__.py -> /home/ros/ros2_ws/install/my_first_package/lib/python3.10/site-packages/my_first_package
[2.245s] byte-compiling /home/ros/ros2_ws/install/my_first_package/lib/python3.10/site-packages/my_first_package/__init__.py to __init__.cpython-310.pyc
[2.245s] running install_data
[2.246s] creating /home/ros/ros2_ws/install/my_first_package/share/ament_index
[2.246s] creating /home/ros/ros2_ws/install/my_first_package/share/ament_index/resource_index
[2.246s] creating /home/ros/ros2_ws/install/my_first_package/share/ament_index/resource_index/packages
[2.246s] copying resource/my_first_package -> /home/ros/ros2_ws/install/my_first_package/share/ament_index/resource_index/packages
[2.246s] copying package.xml -> /home/ros/ros2_ws/install/my_first_package/share/my_first_package
[2.246s] running install_egg_info
[2.248s] Copying ../../build/my_first_package/my_first_package.egg-info to /home/ros/ros2_ws/install/my_first_package/lib/python3.10/site-packages/my_first_package-0.0.0-py3.10.egg-info
[2.249s] running install_scripts
[2.265s] writing list of installed files to '/home/ros/ros2_ws/build/my_first_package/install.log'
[2.283s] Invoked command in '/home/ros/ros2_ws/src/my_first_package' returned '0': PYTHONPATH=/home/ros/ros2_ws/build/my_first_package/prefix_override:/home/ros/ros2_ws/install/my_first_package/lib/python3.10/site-packages:${PYTHONPATH} /usr/bin/python3 setup.py egg_info --egg-base ../../build/my_first_package build --build-base /home/ros/ros2_ws/build/my_first_package/build install --record /home/ros/ros2_ws/build/my_first_package/install.log --single-version-externally-managed
