[0.000000] (-) TimerEvent: {}
[0.000561] (my_first_package) JobQueued: {'identifier': 'my_first_package', 'dependencies': OrderedDict()}
[0.000609] (proj_bixos) JobQueued: {'identifier': 'proj_bixos', 'dependencies': OrderedDict()}
[0.000634] (my_first_package) JobStarted: {'identifier': 'my_first_package'}
[0.032702] (proj_bixos) JobStarted: {'identifier': 'proj_bixos'}
[0.099712] (-) TimerEvent: {}
[0.200131] (-) TimerEvent: {}
[0.300715] (-) TimerEvent: {}
[0.401351] (-) TimerEvent: {}
[0.502046] (-) TimerEvent: {}
[0.525418] (proj_bixos) JobProgress: {'identifier': 'proj_bixos', 'progress': 'cmake'}
[0.544963] (proj_bixos) JobProgress: {'identifier': 'proj_bixos', 'progress': 'build'}
[0.546398] (proj_bixos) Command: {'cmd': ['/usr/bin/cmake', '--build', '/home/ros/ros2_ws/build/proj_bixos', '--', '-j12', '-l12'], 'cwd': '/home/ros/ros2_ws/build/proj_bixos', 'env': OrderedDict([('HOSTNAME', 'jpbg'), ('GIT_ASKPASS', '/home/ros/.vscode-server/bin/fee1edb8d6d72a0ddff41e5f71a671c23ed924b9/extensions/git/dist/askpass.sh'), ('SHLVL', '2'), ('LD_LIBRARY_PATH', '/opt/ros/humble/opt/rviz_ogre_vendor/lib:/opt/ros/humble/lib/x86_64-linux-gnu:/opt/ros/humble/lib'), ('BROWSER', '/home/ros/.vscode-server/bin/fee1edb8d6d72a0ddff41e5f71a671c23ed924b9/bin/helpers/browser.sh'), ('HOME', '/home/ros'), ('OLDPWD', '/home/ros'), ('TERM_PROGRAM_VERSION', '1.92.2'), ('VSCODE_IPC_HOOK_CLI', '/tmp/vscode-ipc-19f16050-20d5-46a0-95c4-49938208c116.sock'), ('ROS_PYTHON_VERSION', '3'), ('VSCODE_GIT_ASKPASS_MAIN', '/home/ros/.vscode-server/bin/fee1edb8d6d72a0ddff41e5f71a671c23ed924b9/extensions/git/dist/askpass-main.js'), ('VSCODE_GIT_ASKPASS_NODE', '/home/ros/.vscode-server/bin/fee1edb8d6d72a0ddff41e5f71a671c23ed924b9/node'), ('COLORTERM', 'truecolor'), ('REMOTE_CONTAINERS', 'true'), ('COLCON_PREFIX_PATH', '/home/ros/ros2_ws/install'), ('ROS_DISTRO', 'humble'), ('REMOTE_CONTAINERS_IPC', '/tmp/vscode-remote-containers-ipc-1c3c7a6e-b5d0-4e8b-98dd-cb84ec4df618.sock'), ('_', '/usr/bin/colcon'), ('ROS_VERSION', '2'), ('TERM', 'xterm-256color'), ('ROS_LOCALHOST_ONLY', '0'), ('PATH', '/home/ros/.vscode-server/bin/fee1edb8d6d72a0ddff41e5f71a671c23ed924b9/bin/remote-cli:/opt/ros/humble/bin:/usr/local/sbin:/usr/local/bin:/usr/sbin:/usr/bin:/sbin:/bin'), ('REMOTE_CONTAINERS_SOCKETS', '["/tmp/vscode-ssh-auth-1c3c7a6e-b5d0-4e8b-98dd-cb84ec4df618.sock","/home/ros/.gnupg/S.gpg-agent"]'), ('DISPLAY', ':0'), ('LANG', 'C.UTF-8'), ('VSCODE_GIT_IPC_HANDLE', '/tmp/vscode-git-127800363b.sock'), ('TERM_PROGRAM', 'vscode'), ('SSH_AUTH_SOCK', '/tmp/vscode-ssh-auth-1c3c7a6e-b5d0-4e8b-98dd-cb84ec4df618.sock'), ('AMENT_PREFIX_PATH', '/home/ros/ros2_ws/install/proj_bixos:/home/ros/ros2_ws/install/my_first_package:/opt/ros/humble'), ('SHELL', '/bin/bash'), ('VSCODE_GIT_ASKPASS_EXTRA_ARGS', ''), ('PWD', '/home/ros/ros2_ws/build/proj_bixos'), ('LC_ALL', 'C.UTF-8'), ('PYTHONPATH', '/home/ros/ros2_ws/install/my_first_package/lib/python3.10/site-packages:/opt/ros/humble/lib/python3.10/site-packages:/opt/ros/humble/local/lib/python3.10/dist-packages'), ('COLCON', '1'), ('CMAKE_PREFIX_PATH', '/home/ros/ros2_ws/install/proj_bixos:/home/ros/ros2_ws/install/my_first_package:/opt/ros/humble')]), 'shell': False}
[0.602344] (-) TimerEvent: {}
[0.703041] (-) TimerEvent: {}
[0.803671] (-) TimerEvent: {}
[0.904414] (-) TimerEvent: {}
[1.004860] (-) TimerEvent: {}
[1.105465] (-) TimerEvent: {}
[1.206109] (-) TimerEvent: {}
[1.306652] (-) TimerEvent: {}
[1.407378] (-) TimerEvent: {}
[1.508212] (-) TimerEvent: {}
[1.608992] (-) TimerEvent: {}
[1.709826] (-) TimerEvent: {}
[1.775635] (proj_bixos) CommandEnded: {'returncode': 0}
[1.809936] (-) TimerEvent: {}
[1.820939] (proj_bixos) JobProgress: {'identifier': 'proj_bixos', 'progress': 'install'}
[1.841641] (proj_bixos) Command: {'cmd': ['/usr/bin/cmake', '--install', '/home/ros/ros2_ws/build/proj_bixos'], 'cwd': '/home/ros/ros2_ws/build/proj_bixos', 'env': OrderedDict([('HOSTNAME', 'jpbg'), ('GIT_ASKPASS', '/home/ros/.vscode-server/bin/fee1edb8d6d72a0ddff41e5f71a671c23ed924b9/extensions/git/dist/askpass.sh'), ('SHLVL', '2'), ('LD_LIBRARY_PATH', '/opt/ros/humble/opt/rviz_ogre_vendor/lib:/opt/ros/humble/lib/x86_64-linux-gnu:/opt/ros/humble/lib'), ('BROWSER', '/home/ros/.vscode-server/bin/fee1edb8d6d72a0ddff41e5f71a671c23ed924b9/bin/helpers/browser.sh'), ('HOME', '/home/ros'), ('OLDPWD', '/home/ros'), ('TERM_PROGRAM_VERSION', '1.92.2'), ('VSCODE_IPC_HOOK_CLI', '/tmp/vscode-ipc-19f16050-20d5-46a0-95c4-49938208c116.sock'), ('ROS_PYTHON_VERSION', '3'), ('VSCODE_GIT_ASKPASS_MAIN', '/home/ros/.vscode-server/bin/fee1edb8d6d72a0ddff41e5f71a671c23ed924b9/extensions/git/dist/askpass-main.js'), ('VSCODE_GIT_ASKPASS_NODE', '/home/ros/.vscode-server/bin/fee1edb8d6d72a0ddff41e5f71a671c23ed924b9/node'), ('COLORTERM', 'truecolor'), ('REMOTE_CONTAINERS', 'true'), ('COLCON_PREFIX_PATH', '/home/ros/ros2_ws/install'), ('ROS_DISTRO', 'humble'), ('REMOTE_CONTAINERS_IPC', '/tmp/vscode-remote-containers-ipc-1c3c7a6e-b5d0-4e8b-98dd-cb84ec4df618.sock'), ('_', '/usr/bin/colcon'), ('ROS_VERSION', '2'), ('TERM', 'xterm-256color'), ('ROS_LOCALHOST_ONLY', '0'), ('PATH', '/home/ros/.vscode-server/bin/fee1edb8d6d72a0ddff41e5f71a671c23ed924b9/bin/remote-cli:/opt/ros/humble/bin:/usr/local/sbin:/usr/local/bin:/usr/sbin:/usr/bin:/sbin:/bin'), ('REMOTE_CONTAINERS_SOCKETS', '["/tmp/vscode-ssh-auth-1c3c7a6e-b5d0-4e8b-98dd-cb84ec4df618.sock","/home/ros/.gnupg/S.gpg-agent"]'), ('DISPLAY', ':0'), ('LANG', 'C.UTF-8'), ('VSCODE_GIT_IPC_HANDLE', '/tmp/vscode-git-127800363b.sock'), ('TERM_PROGRAM', 'vscode'), ('SSH_AUTH_SOCK', '/tmp/vscode-ssh-auth-1c3c7a6e-b5d0-4e8b-98dd-cb84ec4df618.sock'), ('AMENT_PREFIX_PATH', '/home/ros/ros2_ws/install/proj_bixos:/home/ros/ros2_ws/install/my_first_package:/opt/ros/humble'), ('SHELL', '/bin/bash'), ('VSCODE_GIT_ASKPASS_EXTRA_ARGS', ''), ('PWD', '/home/ros/ros2_ws/build/proj_bixos'), ('LC_ALL', 'C.UTF-8'), ('PYTHONPATH', '/home/ros/ros2_ws/install/my_first_package/lib/python3.10/site-packages:/opt/ros/humble/lib/python3.10/site-packages:/opt/ros/humble/local/lib/python3.10/dist-packages'), ('COLCON', '1'), ('CMAKE_PREFIX_PATH', '/home/ros/ros2_ws/install/proj_bixos:/home/ros/ros2_ws/install/my_first_package:/opt/ros/humble')]), 'shell': False}
[1.868755] (proj_bixos) StdoutLine: {'line': b'-- Install configuration: ""\n'}
[1.907956] (proj_bixos) StdoutLine: {'line': b'-- Up-to-date: /home/ros/ros2_ws/install/proj_bixos/lib/proj_bixos/data_collection_node.py\n'}
[1.908621] (proj_bixos) StdoutLine: {'line': b'-- Up-to-date: /home/ros/ros2_ws/install/proj_bixos/lib/proj_bixos/cam_collection_node.py\n'}
[1.908902] (proj_bixos) StdoutLine: {'line': b'-- Up-to-date: /home/ros/ros2_ws/install/proj_bixos/lib/proj_bixos/overlay_test.py\n'}
[1.909145] (proj_bixos) StdoutLine: {'line': b'-- Up-to-date: /home/ros/ros2_ws/install/proj_bixos/share/ament_index/resource_index/package_run_dependencies/proj_bixos\n'}
[1.909709] (proj_bixos) StdoutLine: {'line': b'-- Up-to-date: /home/ros/ros2_ws/install/proj_bixos/share/ament_index/resource_index/parent_prefix_path/proj_bixos\n'}
[1.909971] (-) TimerEvent: {}
[1.910243] (proj_bixos) StdoutLine: {'line': b'-- Up-to-date: /home/ros/ros2_ws/install/proj_bixos/share/proj_bixos/environment/ament_prefix_path.sh\n'}
[1.910466] (proj_bixos) StdoutLine: {'line': b'-- Up-to-date: /home/ros/ros2_ws/install/proj_bixos/share/proj_bixos/environment/ament_prefix_path.dsv\n'}
[1.910667] (proj_bixos) StdoutLine: {'line': b'-- Up-to-date: /home/ros/ros2_ws/install/proj_bixos/share/proj_bixos/environment/path.sh\n'}
[1.910939] (proj_bixos) StdoutLine: {'line': b'-- Up-to-date: /home/ros/ros2_ws/install/proj_bixos/share/proj_bixos/environment/path.dsv\n'}
[1.911210] (proj_bixos) StdoutLine: {'line': b'-- Up-to-date: /home/ros/ros2_ws/install/proj_bixos/share/proj_bixos/local_setup.bash\n'}
[1.911377] (proj_bixos) StdoutLine: {'line': b'-- Up-to-date: /home/ros/ros2_ws/install/proj_bixos/share/proj_bixos/local_setup.sh\n'}
[1.911546] (proj_bixos) StdoutLine: {'line': b'-- Up-to-date: /home/ros/ros2_ws/install/proj_bixos/share/proj_bixos/local_setup.zsh\n'}
[1.911689] (proj_bixos) StdoutLine: {'line': b'-- Up-to-date: /home/ros/ros2_ws/install/proj_bixos/share/proj_bixos/local_setup.dsv\n'}
[1.911800] (proj_bixos) StdoutLine: {'line': b'-- Installing: /home/ros/ros2_ws/install/proj_bixos/share/proj_bixos/package.dsv\n'}
[1.911890] (proj_bixos) StdoutLine: {'line': b'-- Up-to-date: /home/ros/ros2_ws/install/proj_bixos/share/ament_index/resource_index/packages/proj_bixos\n'}
[1.911980] (proj_bixos) StdoutLine: {'line': b'-- Up-to-date: /home/ros/ros2_ws/install/proj_bixos/share/proj_bixos/cmake/proj_bixosConfig.cmake\n'}
[1.912067] (proj_bixos) StdoutLine: {'line': b'-- Up-to-date: /home/ros/ros2_ws/install/proj_bixos/share/proj_bixos/cmake/proj_bixosConfig-version.cmake\n'}
[1.912154] (proj_bixos) StdoutLine: {'line': b'-- Up-to-date: /home/ros/ros2_ws/install/proj_bixos/share/proj_bixos/package.xml\n'}
[1.914874] (proj_bixos) CommandEnded: {'returncode': 0}
[2.010221] (-) TimerEvent: {}
[2.022256] (proj_bixos) JobEnded: {'identifier': 'proj_bixos', 'rc': 0}
[2.110406] (-) TimerEvent: {}
[2.156455] (my_first_package) Command: {'cmd': ['/usr/bin/python3', '-W', 'ignore:setup.py install is deprecated', 'setup.py', 'egg_info', '--egg-base', '../../build/my_first_package', 'build', '--build-base', '/home/ros/ros2_ws/build/my_first_package/build', 'install', '--record', '/home/ros/ros2_ws/build/my_first_package/install.log', '--single-version-externally-managed', 'install_data'], 'cwd': '/home/ros/ros2_ws/src/my_first_package', 'env': {'HOSTNAME': 'jpbg', 'GIT_ASKPASS': '/home/ros/.vscode-server/bin/fee1edb8d6d72a0ddff41e5f71a671c23ed924b9/extensions/git/dist/askpass.sh', 'SHLVL': '2', 'LD_LIBRARY_PATH': '/opt/ros/humble/opt/rviz_ogre_vendor/lib:/opt/ros/humble/lib/x86_64-linux-gnu:/opt/ros/humble/lib', 'BROWSER': '/home/ros/.vscode-server/bin/fee1edb8d6d72a0ddff41e5f71a671c23ed924b9/bin/helpers/browser.sh', 'HOME': '/home/ros', 'OLDPWD': '/home/ros', 'TERM_PROGRAM_VERSION': '1.92.2', 'VSCODE_IPC_HOOK_CLI': '/tmp/vscode-ipc-19f16050-20d5-46a0-95c4-49938208c116.sock', 'ROS_PYTHON_VERSION': '3', 'VSCODE_GIT_ASKPASS_MAIN': '/home/ros/.vscode-server/bin/fee1edb8d6d72a0ddff41e5f71a671c23ed924b9/extensions/git/dist/askpass-main.js', 'VSCODE_GIT_ASKPASS_NODE': '/home/ros/.vscode-server/bin/fee1edb8d6d72a0ddff41e5f71a671c23ed924b9/node', 'COLORTERM': 'truecolor', 'REMOTE_CONTAINERS': 'true', 'COLCON_PREFIX_PATH': '/home/ros/ros2_ws/install', 'ROS_DISTRO': 'humble', 'REMOTE_CONTAINERS_IPC': '/tmp/vscode-remote-containers-ipc-1c3c7a6e-b5d0-4e8b-98dd-cb84ec4df618.sock', '_': '/usr/bin/colcon', 'ROS_VERSION': '2', 'TERM': 'xterm-256color', 'ROS_LOCALHOST_ONLY': '0', 'PATH': '/home/ros/.vscode-server/bin/fee1edb8d6d72a0ddff41e5f71a671c23ed924b9/bin/remote-cli:/opt/ros/humble/bin:/usr/local/sbin:/usr/local/bin:/usr/sbin:/usr/bin:/sbin:/bin', 'REMOTE_CONTAINERS_SOCKETS': '["/tmp/vscode-ssh-auth-1c3c7a6e-b5d0-4e8b-98dd-cb84ec4df618.sock","/home/ros/.gnupg/S.gpg-agent"]', 'DISPLAY': ':0', 'LANG': 'C.UTF-8', 'VSCODE_GIT_IPC_HANDLE': '/tmp/vscode-git-127800363b.sock', 'TERM_PROGRAM': 'vscode', 'SSH_AUTH_SOCK': '/tmp/vscode-ssh-auth-1c3c7a6e-b5d0-4e8b-98dd-cb84ec4df618.sock', 'AMENT_PREFIX_PATH': '/home/ros/ros2_ws/install/proj_bixos:/home/ros/ros2_ws/install/my_first_package:/opt/ros/humble', 'SHELL': '/bin/bash', 'VSCODE_GIT_ASKPASS_EXTRA_ARGS': '', 'PWD': '/home/ros/ros2_ws/build/my_first_package', 'LC_ALL': 'C.UTF-8', 'PYTHONPATH': '/home/ros/ros2_ws/build/my_first_package/prefix_override:/usr/lib/python3/dist-packages/colcon_core/task/python/colcon_distutils_commands:/home/ros/ros2_ws/install/my_first_package/lib/python3.10/site-packages:/home/ros/ros2_ws/install/my_first_package/lib/python3.10/site-packages:/opt/ros/humble/lib/python3.10/site-packages:/opt/ros/humble/local/lib/python3.10/dist-packages', 'COLCON': '1', 'CMAKE_PREFIX_PATH': '/home/ros/ros2_ws/install/proj_bixos'}, 'shell': False}
[2.210639] (-) TimerEvent: {}
[2.311433] (-) TimerEvent: {}
[2.412061] (-) TimerEvent: {}
[2.512557] (-) TimerEvent: {}
[2.591524] (my_first_package) StdoutLine: {'line': b'running egg_info\n'}
[2.592069] (my_first_package) StdoutLine: {'line': b'writing ../../build/my_first_package/my_first_package.egg-info/PKG-INFO\n'}
[2.592277] (my_first_package) StdoutLine: {'line': b'writing dependency_links to ../../build/my_first_package/my_first_package.egg-info/dependency_links.txt\n'}
[2.592412] (my_first_package) StdoutLine: {'line': b'writing entry points to ../../build/my_first_package/my_first_package.egg-info/entry_points.txt\n'}
[2.592683] (my_first_package) StdoutLine: {'line': b'writing requirements to ../../build/my_first_package/my_first_package.egg-info/requires.txt\n'}
[2.592787] (my_first_package) StdoutLine: {'line': b'writing top-level names to ../../build/my_first_package/my_first_package.egg-info/top_level.txt\n'}
[2.594773] (my_first_package) StdoutLine: {'line': b"reading manifest file '../../build/my_first_package/my_first_package.egg-info/SOURCES.txt'\n"}
[2.595697] (my_first_package) StdoutLine: {'line': b"writing manifest file '../../build/my_first_package/my_first_package.egg-info/SOURCES.txt'\n"}
[2.595997] (my_first_package) StdoutLine: {'line': b'running build\n'}
[2.596140] (my_first_package) StdoutLine: {'line': b'running build_py\n'}
[2.596349] (my_first_package) StdoutLine: {'line': b'running install\n'}
[2.596565] (my_first_package) StdoutLine: {'line': b'running install_lib\n'}
[2.597895] (my_first_package) StdoutLine: {'line': b'running install_data\n'}
[2.598116] (my_first_package) StdoutLine: {'line': b'running install_egg_info\n'}
[2.600496] (my_first_package) StdoutLine: {'line': b"removing '/home/ros/ros2_ws/install/my_first_package/lib/python3.10/site-packages/my_first_package-0.0.0-py3.10.egg-info' (and everything under it)\n"}
[2.600930] (my_first_package) StdoutLine: {'line': b'Copying ../../build/my_first_package/my_first_package.egg-info to /home/ros/ros2_ws/install/my_first_package/lib/python3.10/site-packages/my_first_package-0.0.0-py3.10.egg-info\n'}
[2.601993] (my_first_package) StdoutLine: {'line': b'running install_scripts\n'}
[2.612784] (-) TimerEvent: {}
[2.631593] (my_first_package) StdoutLine: {'line': b'Installing my_first_node script to /home/ros/ros2_ws/install/my_first_package/lib/my_first_package\n'}
[2.632198] (my_first_package) StdoutLine: {'line': b"writing list of installed files to '/home/ros/ros2_ws/build/my_first_package/install.log'\n"}
[2.679071] (my_first_package) CommandEnded: {'returncode': 0}
[2.690271] (my_first_package) JobEnded: {'identifier': 'my_first_package', 'rc': 0}
[2.691647] (-) EventReactorShutdown: {}
