[0.211s] DEBUG:colcon:Command line arguments: ['/usr/bin/colcon', 'build']
[0.211s] DEBUG:colcon:Parsed command line arguments: Namespace(log_base=None, log_level=None, verb_name='build', build_base='build', install_base='install', merge_install=False, symlink_install=False, test_result_base=None, continue_on_error=False, executor='parallel', parallel_workers=12, event_handlers=None, ignore_user_meta=False, metas=['./colcon.meta'], base_paths=['.'], packages_ignore=None, packages_ignore_regex=None, paths=None, packages_up_to=None, packages_up_to_regex=None, packages_above=None, packages_above_and_dependencies=None, packages_above_depth=None, packages_select_by_dep=None, packages_skip_by_dep=None, packages_skip_up_to=None, packages_select_build_failed=False, packages_skip_build_finished=False, packages_select_test_failures=False, packages_skip_test_passed=False, packages_select=None, packages_skip=None, packages_select_regex=None, packages_skip_regex=None, packages_start=None, packages_end=None, cmake_args=None, cmake_target=None, cmake_target_skip_unavailable=False, cmake_clean_cache=False, cmake_clean_first=False, cmake_force_configure=False, ament_cmake_args=None, catkin_cmake_args=None, catkin_skip_building_tests=False, mixin_files=None, mixin=None, verb_parser=<colcon_mixin.mixin.mixin_argument.MixinArgumentDecorator object at 0x757b70e40190>, verb_extension=<colcon_core.verb.build.BuildVerb object at 0x757b70e0f6d0>, main=<bound method BuildVerb.main of <colcon_core.verb.build.BuildVerb object at 0x757b70e0f6d0>>, mixin_verb=('build',))
[0.353s] Level 1:colcon.colcon_core.package_discovery:discover_packages(colcon_meta) check parameters
[0.353s] Level 1:colcon.colcon_core.package_discovery:discover_packages(recursive) check parameters
[0.353s] Level 1:colcon.colcon_core.package_discovery:discover_packages(ignore) check parameters
[0.353s] Level 1:colcon.colcon_core.package_discovery:discover_packages(path) check parameters
[0.353s] Level 1:colcon.colcon_core.package_discovery:discover_packages(colcon_meta) discover
[0.353s] Level 1:colcon.colcon_core.package_discovery:discover_packages(recursive) discover
[0.353s] INFO:colcon.colcon_core.package_discovery:Crawling recursively for packages in '/home/ros/ros2_ws'
[0.353s] Level 1:colcon.colcon_core.package_identification:_identify(.) by extensions ['ignore', 'ignore_ament_install']
[0.353s] Level 1:colcon.colcon_core.package_identification:_identify(.) by extension 'ignore'
[0.353s] Level 1:colcon.colcon_core.package_identification:_identify(.) by extension 'ignore_ament_install'
[0.354s] Level 1:colcon.colcon_core.package_identification:_identify(.) by extensions ['colcon_pkg']
[0.354s] Level 1:colcon.colcon_core.package_identification:_identify(.) by extension 'colcon_pkg'
[0.354s] Level 1:colcon.colcon_core.package_identification:_identify(.) by extensions ['colcon_meta']
[0.354s] Level 1:colcon.colcon_core.package_identification:_identify(.) by extension 'colcon_meta'
[0.354s] Level 1:colcon.colcon_core.package_identification:_identify(.) by extensions ['ros']
[0.354s] Level 1:colcon.colcon_core.package_identification:_identify(.) by extension 'ros'
[0.561s] Level 1:colcon.colcon_core.package_identification:_identify(.) by extensions ['cmake', 'python']
[0.561s] Level 1:colcon.colcon_core.package_identification:_identify(.) by extension 'cmake'
[0.562s] Level 1:colcon.colcon_core.package_identification:_identify(.) by extension 'python'
[0.562s] Level 1:colcon.colcon_core.package_identification:_identify(.) by extensions ['python_setup_py']
[0.562s] Level 1:colcon.colcon_core.package_identification:_identify(.) by extension 'python_setup_py'
[0.562s] Level 1:colcon.colcon_core.package_identification:_identify(build) by extensions ['ignore', 'ignore_ament_install']
[0.562s] Level 1:colcon.colcon_core.package_identification:_identify(build) by extension 'ignore'
[0.562s] Level 1:colcon.colcon_core.package_identification:_identify(build) ignored
[0.562s] Level 1:colcon.colcon_core.package_identification:_identify(install) by extensions ['ignore', 'ignore_ament_install']
[0.562s] Level 1:colcon.colcon_core.package_identification:_identify(install) by extension 'ignore'
[0.562s] Level 1:colcon.colcon_core.package_identification:_identify(install) ignored
[0.562s] Level 1:colcon.colcon_core.package_identification:_identify(log) by extensions ['ignore', 'ignore_ament_install']
[0.563s] Level 1:colcon.colcon_core.package_identification:_identify(log) by extension 'ignore'
[0.563s] Level 1:colcon.colcon_core.package_identification:_identify(log) ignored
[0.563s] Level 1:colcon.colcon_core.package_identification:_identify(src) by extensions ['ignore', 'ignore_ament_install']
[0.563s] Level 1:colcon.colcon_core.package_identification:_identify(src) by extension 'ignore'
[0.563s] Level 1:colcon.colcon_core.package_identification:_identify(src) by extension 'ignore_ament_install'
[0.563s] Level 1:colcon.colcon_core.package_identification:_identify(src) by extensions ['colcon_pkg']
[0.563s] Level 1:colcon.colcon_core.package_identification:_identify(src) by extension 'colcon_pkg'
[0.563s] Level 1:colcon.colcon_core.package_identification:_identify(src) by extensions ['colcon_meta']
[0.563s] Level 1:colcon.colcon_core.package_identification:_identify(src) by extension 'colcon_meta'
[0.563s] Level 1:colcon.colcon_core.package_identification:_identify(src) by extensions ['ros']
[0.563s] Level 1:colcon.colcon_core.package_identification:_identify(src) by extension 'ros'
[0.563s] Level 1:colcon.colcon_core.package_identification:_identify(src) by extensions ['cmake', 'python']
[0.563s] Level 1:colcon.colcon_core.package_identification:_identify(src) by extension 'cmake'
[0.563s] Level 1:colcon.colcon_core.package_identification:_identify(src) by extension 'python'
[0.563s] Level 1:colcon.colcon_core.package_identification:_identify(src) by extensions ['python_setup_py']
[0.563s] Level 1:colcon.colcon_core.package_identification:_identify(src) by extension 'python_setup_py'
[0.564s] Level 1:colcon.colcon_core.package_identification:_identify(src/my_first_package) by extensions ['ignore', 'ignore_ament_install']
[0.564s] Level 1:colcon.colcon_core.package_identification:_identify(src/my_first_package) by extension 'ignore'
[0.564s] Level 1:colcon.colcon_core.package_identification:_identify(src/my_first_package) by extension 'ignore_ament_install'
[0.564s] Level 1:colcon.colcon_core.package_identification:_identify(src/my_first_package) by extensions ['colcon_pkg']
[0.564s] Level 1:colcon.colcon_core.package_identification:_identify(src/my_first_package) by extension 'colcon_pkg'
[0.564s] Level 1:colcon.colcon_core.package_identification:_identify(src/my_first_package) by extensions ['colcon_meta']
[0.564s] Level 1:colcon.colcon_core.package_identification:_identify(src/my_first_package) by extension 'colcon_meta'
[0.564s] Level 1:colcon.colcon_core.package_identification:_identify(src/my_first_package) by extensions ['ros']
[0.564s] Level 1:colcon.colcon_core.package_identification:_identify(src/my_first_package) by extension 'ros'
[0.600s] DEBUG:colcon.colcon_core.package_identification:Package 'src/my_first_package' with type 'ros.ament_python' and name 'my_first_package'
[0.600s] Level 1:colcon.colcon_core.package_identification:_identify(src/proj_bixos) by extensions ['ignore', 'ignore_ament_install']
[0.600s] Level 1:colcon.colcon_core.package_identification:_identify(src/proj_bixos) by extension 'ignore'
[0.601s] Level 1:colcon.colcon_core.package_identification:_identify(src/proj_bixos) by extension 'ignore_ament_install'
[0.601s] Level 1:colcon.colcon_core.package_identification:_identify(src/proj_bixos) by extensions ['colcon_pkg']
[0.601s] Level 1:colcon.colcon_core.package_identification:_identify(src/proj_bixos) by extension 'colcon_pkg'
[0.601s] Level 1:colcon.colcon_core.package_identification:_identify(src/proj_bixos) by extensions ['colcon_meta']
[0.601s] Level 1:colcon.colcon_core.package_identification:_identify(src/proj_bixos) by extension 'colcon_meta'
[0.601s] Level 1:colcon.colcon_core.package_identification:_identify(src/proj_bixos) by extensions ['ros']
[0.601s] Level 1:colcon.colcon_core.package_identification:_identify(src/proj_bixos) by extension 'ros'
[0.616s] DEBUG:colcon.colcon_core.package_identification:Package 'src/proj_bixos' with type 'ros.ament_cmake' and name 'proj_bixos'
[0.617s] Level 1:colcon.colcon_core.package_discovery:discover_packages(recursive) using defaults
[0.617s] Level 1:colcon.colcon_core.package_discovery:discover_packages(ignore) discover
[0.617s] Level 1:colcon.colcon_core.package_discovery:discover_packages(ignore) using defaults
[0.617s] Level 1:colcon.colcon_core.package_discovery:discover_packages(path) discover
[0.617s] Level 1:colcon.colcon_core.package_discovery:discover_packages(path) using defaults
[0.644s] Level 5:colcon.colcon_core.verb:set package 'my_first_package' build argument 'cmake_args' from command line to 'None'
[0.644s] Level 5:colcon.colcon_core.verb:set package 'my_first_package' build argument 'cmake_target' from command line to 'None'
[0.644s] Level 5:colcon.colcon_core.verb:set package 'my_first_package' build argument 'cmake_target_skip_unavailable' from command line to 'False'
[0.644s] Level 5:colcon.colcon_core.verb:set package 'my_first_package' build argument 'cmake_clean_cache' from command line to 'False'
[0.644s] Level 5:colcon.colcon_core.verb:set package 'my_first_package' build argument 'cmake_clean_first' from command line to 'False'
[0.644s] Level 5:colcon.colcon_core.verb:set package 'my_first_package' build argument 'cmake_force_configure' from command line to 'False'
[0.644s] Level 5:colcon.colcon_core.verb:set package 'my_first_package' build argument 'ament_cmake_args' from command line to 'None'
[0.644s] Level 5:colcon.colcon_core.verb:set package 'my_first_package' build argument 'catkin_cmake_args' from command line to 'None'
[0.644s] Level 5:colcon.colcon_core.verb:set package 'my_first_package' build argument 'catkin_skip_building_tests' from command line to 'False'
[0.644s] DEBUG:colcon.colcon_core.verb:Building package 'my_first_package' with the following arguments: {'ament_cmake_args': None, 'build_base': '/home/ros/ros2_ws/build/my_first_package', 'catkin_cmake_args': None, 'catkin_skip_building_tests': False, 'cmake_args': None, 'cmake_clean_cache': False, 'cmake_clean_first': False, 'cmake_force_configure': False, 'cmake_target': None, 'cmake_target_skip_unavailable': False, 'install_base': '/home/ros/ros2_ws/install/my_first_package', 'merge_install': False, 'path': '/home/ros/ros2_ws/src/my_first_package', 'symlink_install': False, 'test_result_base': None}
[0.644s] Level 5:colcon.colcon_core.verb:set package 'proj_bixos' build argument 'cmake_args' from command line to 'None'
[0.644s] Level 5:colcon.colcon_core.verb:set package 'proj_bixos' build argument 'cmake_target' from command line to 'None'
[0.644s] Level 5:colcon.colcon_core.verb:set package 'proj_bixos' build argument 'cmake_target_skip_unavailable' from command line to 'False'
[0.644s] Level 5:colcon.colcon_core.verb:set package 'proj_bixos' build argument 'cmake_clean_cache' from command line to 'False'
[0.644s] Level 5:colcon.colcon_core.verb:set package 'proj_bixos' build argument 'cmake_clean_first' from command line to 'False'
[0.644s] Level 5:colcon.colcon_core.verb:set package 'proj_bixos' build argument 'cmake_force_configure' from command line to 'False'
[0.645s] Level 5:colcon.colcon_core.verb:set package 'proj_bixos' build argument 'ament_cmake_args' from command line to 'None'
[0.645s] Level 5:colcon.colcon_core.verb:set package 'proj_bixos' build argument 'catkin_cmake_args' from command line to 'None'
[0.645s] Level 5:colcon.colcon_core.verb:set package 'proj_bixos' build argument 'catkin_skip_building_tests' from command line to 'False'
[0.645s] DEBUG:colcon.colcon_core.verb:Building package 'proj_bixos' with the following arguments: {'ament_cmake_args': None, 'build_base': '/home/ros/ros2_ws/build/proj_bixos', 'catkin_cmake_args': None, 'catkin_skip_building_tests': False, 'cmake_args': None, 'cmake_clean_cache': False, 'cmake_clean_first': False, 'cmake_force_configure': False, 'cmake_target': None, 'cmake_target_skip_unavailable': False, 'install_base': '/home/ros/ros2_ws/install/proj_bixos', 'merge_install': False, 'path': '/home/ros/ros2_ws/src/proj_bixos', 'symlink_install': False, 'test_result_base': None}
[0.645s] INFO:colcon.colcon_core.executor:Executing jobs using 'parallel' executor
[0.647s] DEBUG:colcon.colcon_parallel_executor.executor.parallel:run_until_complete
[0.647s] INFO:colcon.colcon_ros.task.ament_python.build:Building ROS package in '/home/ros/ros2_ws/src/my_first_package' with build type 'ament_python'
[0.647s] Level 1:colcon.colcon_core.shell:create_environment_hook('my_first_package', 'ament_prefix_path')
[0.652s] INFO:colcon.colcon_core.plugin_system:Skipping extension 'colcon_core.shell.bat': Not used on non-Windows systems
[0.652s] INFO:colcon.colcon_core.shell:Creating environment hook '/home/ros/ros2_ws/install/my_first_package/share/my_first_package/hook/ament_prefix_path.ps1'
[0.665s] INFO:colcon.colcon_core.shell:Creating environment descriptor '/home/ros/ros2_ws/install/my_first_package/share/my_first_package/hook/ament_prefix_path.dsv'
[0.666s] INFO:colcon.colcon_core.shell:Creating environment hook '/home/ros/ros2_ws/install/my_first_package/share/my_first_package/hook/ament_prefix_path.sh'
[0.667s] INFO:colcon.colcon_core.shell:Skip shell extension 'powershell' for command environment: Not usable outside of PowerShell
[0.667s] DEBUG:colcon.colcon_core.shell:Skip shell extension 'dsv' for command environment
[0.678s] INFO:colcon.colcon_ros.task.ament_cmake.build:Building ROS package in '/home/ros/ros2_ws/src/proj_bixos' with build type 'ament_cmake'
[0.679s] INFO:colcon.colcon_cmake.task.cmake.build:Building CMake package in '/home/ros/ros2_ws/src/proj_bixos'
[0.679s] INFO:colcon.colcon_core.shell:Skip shell extension 'powershell' for command environment: Not usable outside of PowerShell
[0.679s] DEBUG:colcon.colcon_core.shell:Skip shell extension 'dsv' for command environment
[1.166s] INFO:colcon.colcon_core.task.python.build:Building Python package in '/home/ros/ros2_ws/src/my_first_package'
[1.166s] INFO:colcon.colcon_core.shell:Skip shell extension 'powershell' for command environment: Not usable outside of PowerShell
[1.166s] DEBUG:colcon.colcon_core.shell:Skip shell extension 'dsv' for command environment
[1.195s] DEBUG:colcon.colcon_core.event_handler.log_command:Invoking command in '/home/ros/ros2_ws/build/proj_bixos': CMAKE_PREFIX_PATH=${CMAKE_PREFIX_PATH}:/home/ros/ros2_ws/install/my_first_package:/opt/ros/humble /usr/bin/cmake --build /home/ros/ros2_ws/build/proj_bixos -- -j12 -l12
[2.424s] DEBUG:colcon.colcon_core.event_handler.log_command:Invoked command in '/home/ros/ros2_ws/build/proj_bixos' returned '0': CMAKE_PREFIX_PATH=${CMAKE_PREFIX_PATH}:/home/ros/ros2_ws/install/my_first_package:/opt/ros/humble /usr/bin/cmake --build /home/ros/ros2_ws/build/proj_bixos -- -j12 -l12
[2.490s] DEBUG:colcon.colcon_core.event_handler.log_command:Invoking command in '/home/ros/ros2_ws/build/proj_bixos': CMAKE_PREFIX_PATH=${CMAKE_PREFIX_PATH}:/home/ros/ros2_ws/install/my_first_package:/opt/ros/humble /usr/bin/cmake --install /home/ros/ros2_ws/build/proj_bixos
[2.562s] Level 1:colcon.colcon_core.environment:create_environment_scripts_only(proj_bixos)
[2.562s] DEBUG:colcon.colcon_core.event_handler.log_command:Invoked command in '/home/ros/ros2_ws/build/proj_bixos' returned '0': CMAKE_PREFIX_PATH=${CMAKE_PREFIX_PATH}:/home/ros/ros2_ws/install/my_first_package:/opt/ros/humble /usr/bin/cmake --install /home/ros/ros2_ws/build/proj_bixos
[2.597s] Level 1:colcon.colcon_core.environment:checking '/home/ros/ros2_ws/install/proj_bixos' for CMake module files
[2.598s] Level 1:colcon.colcon_core.environment:checking '/home/ros/ros2_ws/install/proj_bixos' for CMake config files
[2.599s] Level 1:colcon.colcon_core.shell:create_environment_hook('proj_bixos', 'cmake_prefix_path')
[2.599s] INFO:colcon.colcon_core.shell:Creating environment hook '/home/ros/ros2_ws/install/proj_bixos/share/proj_bixos/hook/cmake_prefix_path.ps1'
[2.600s] INFO:colcon.colcon_core.shell:Creating environment descriptor '/home/ros/ros2_ws/install/proj_bixos/share/proj_bixos/hook/cmake_prefix_path.dsv'
[2.601s] INFO:colcon.colcon_core.shell:Creating environment hook '/home/ros/ros2_ws/install/proj_bixos/share/proj_bixos/hook/cmake_prefix_path.sh'
[2.602s] Level 1:colcon.colcon_core.environment:checking '/home/ros/ros2_ws/install/proj_bixos/lib'
[2.602s] Level 1:colcon.colcon_core.environment:checking '/home/ros/ros2_ws/install/proj_bixos/bin'
[2.602s] Level 1:colcon.colcon_core.environment:checking '/home/ros/ros2_ws/install/proj_bixos/lib/pkgconfig/proj_bixos.pc'
[2.603s] Level 1:colcon.colcon_core.environment:checking '/home/ros/ros2_ws/install/proj_bixos/lib/python3.10/site-packages'
[2.603s] Level 1:colcon.colcon_core.environment:checking '/home/ros/ros2_ws/install/proj_bixos/bin'
[2.604s] INFO:colcon.colcon_core.shell:Creating package script '/home/ros/ros2_ws/install/proj_bixos/share/proj_bixos/package.ps1'
[2.614s] INFO:colcon.colcon_core.shell:Creating package descriptor '/home/ros/ros2_ws/install/proj_bixos/share/proj_bixos/package.dsv'
[2.616s] INFO:colcon.colcon_core.shell:Creating package script '/home/ros/ros2_ws/install/proj_bixos/share/proj_bixos/package.sh'
[2.617s] INFO:colcon.colcon_core.shell:Creating package script '/home/ros/ros2_ws/install/proj_bixos/share/proj_bixos/package.bash'
[2.620s] INFO:colcon.colcon_core.shell:Creating package script '/home/ros/ros2_ws/install/proj_bixos/share/proj_bixos/package.zsh'
[2.622s] Level 1:colcon.colcon_core.environment:create_file_with_runtime_dependencies(/home/ros/ros2_ws/install/proj_bixos/share/colcon-core/packages/proj_bixos)
[2.660s] Level 1:colcon.colcon_core.environment:create_environment_scripts_only(proj_bixos)
[2.661s] Level 1:colcon.colcon_core.environment:checking '/home/ros/ros2_ws/install/proj_bixos' for CMake module files
[2.661s] Level 1:colcon.colcon_core.environment:checking '/home/ros/ros2_ws/install/proj_bixos' for CMake config files
[2.662s] Level 1:colcon.colcon_core.shell:create_environment_hook('proj_bixos', 'cmake_prefix_path')
[2.662s] INFO:colcon.colcon_core.shell:Creating environment hook '/home/ros/ros2_ws/install/proj_bixos/share/proj_bixos/hook/cmake_prefix_path.ps1'
[2.663s] INFO:colcon.colcon_core.shell:Creating environment descriptor '/home/ros/ros2_ws/install/proj_bixos/share/proj_bixos/hook/cmake_prefix_path.dsv'
[2.663s] INFO:colcon.colcon_core.shell:Creating environment hook '/home/ros/ros2_ws/install/proj_bixos/share/proj_bixos/hook/cmake_prefix_path.sh'
[2.664s] Level 1:colcon.colcon_core.environment:checking '/home/ros/ros2_ws/install/proj_bixos/lib'
[2.664s] Level 1:colcon.colcon_core.environment:checking '/home/ros/ros2_ws/install/proj_bixos/bin'
[2.664s] Level 1:colcon.colcon_core.environment:checking '/home/ros/ros2_ws/install/proj_bixos/lib/pkgconfig/proj_bixos.pc'
[2.665s] Level 1:colcon.colcon_core.environment:checking '/home/ros/ros2_ws/install/proj_bixos/lib/python3.10/site-packages'
[2.665s] Level 1:colcon.colcon_core.environment:checking '/home/ros/ros2_ws/install/proj_bixos/bin'
[2.666s] INFO:colcon.colcon_core.shell:Creating package script '/home/ros/ros2_ws/install/proj_bixos/share/proj_bixos/package.ps1'
[2.666s] INFO:colcon.colcon_core.shell:Creating package descriptor '/home/ros/ros2_ws/install/proj_bixos/share/proj_bixos/package.dsv'
[2.667s] INFO:colcon.colcon_core.shell:Creating package script '/home/ros/ros2_ws/install/proj_bixos/share/proj_bixos/package.sh'
[2.668s] INFO:colcon.colcon_core.shell:Creating package script '/home/ros/ros2_ws/install/proj_bixos/share/proj_bixos/package.bash'
[2.668s] INFO:colcon.colcon_core.shell:Creating package script '/home/ros/ros2_ws/install/proj_bixos/share/proj_bixos/package.zsh'
[2.669s] Level 1:colcon.colcon_core.environment:create_file_with_runtime_dependencies(/home/ros/ros2_ws/install/proj_bixos/share/colcon-core/packages/proj_bixos)
[2.808s] DEBUG:colcon.colcon_core.event_handler.log_command:Invoking command in '/home/ros/ros2_ws/src/my_first_package': PYTHONPATH=/home/ros/ros2_ws/build/my_first_package/prefix_override:/usr/lib/python3/dist-packages/colcon_core/task/python/colcon_distutils_commands:/home/ros/ros2_ws/install/my_first_package/lib/python3.10/site-packages:${PYTHONPATH} /usr/bin/python3 -W ignore:setup.py install is deprecated setup.py egg_info --egg-base ../../build/my_first_package build --build-base /home/ros/ros2_ws/build/my_first_package/build install --record /home/ros/ros2_ws/build/my_first_package/install.log --single-version-externally-managed install_data
[3.326s] Level 1:colcon.colcon_core.environment:checking '/home/ros/ros2_ws/install/my_first_package' for CMake module files
[3.327s] DEBUG:colcon.colcon_core.event_handler.log_command:Invoked command in '/home/ros/ros2_ws/src/my_first_package' returned '0': PYTHONPATH=/home/ros/ros2_ws/build/my_first_package/prefix_override:/usr/lib/python3/dist-packages/colcon_core/task/python/colcon_distutils_commands:/home/ros/ros2_ws/install/my_first_package/lib/python3.10/site-packages:${PYTHONPATH} /usr/bin/python3 -W ignore:setup.py install is deprecated setup.py egg_info --egg-base ../../build/my_first_package build --build-base /home/ros/ros2_ws/build/my_first_package/build install --record /home/ros/ros2_ws/build/my_first_package/install.log --single-version-externally-managed install_data
[3.327s] Level 1:colcon.colcon_core.environment:checking '/home/ros/ros2_ws/install/my_first_package' for CMake config files
[3.329s] Level 1:colcon.colcon_core.environment:checking '/home/ros/ros2_ws/install/my_first_package/lib'
[3.329s] Level 1:colcon.colcon_core.environment:checking '/home/ros/ros2_ws/install/my_first_package/bin'
[3.329s] Level 1:colcon.colcon_core.environment:checking '/home/ros/ros2_ws/install/my_first_package/lib/pkgconfig/my_first_package.pc'
[3.329s] Level 1:colcon.colcon_core.environment:checking '/home/ros/ros2_ws/install/my_first_package/lib/python3.10/site-packages'
[3.330s] Level 1:colcon.colcon_core.shell:create_environment_hook('my_first_package', 'pythonpath')
[3.330s] INFO:colcon.colcon_core.shell:Creating environment hook '/home/ros/ros2_ws/install/my_first_package/share/my_first_package/hook/pythonpath.ps1'
[3.331s] INFO:colcon.colcon_core.shell:Creating environment descriptor '/home/ros/ros2_ws/install/my_first_package/share/my_first_package/hook/pythonpath.dsv'
[3.332s] INFO:colcon.colcon_core.shell:Creating environment hook '/home/ros/ros2_ws/install/my_first_package/share/my_first_package/hook/pythonpath.sh'
[3.333s] Level 1:colcon.colcon_core.environment:checking '/home/ros/ros2_ws/install/my_first_package/bin'
[3.333s] Level 1:colcon.colcon_core.environment:create_environment_scripts_only(my_first_package)
[3.334s] INFO:colcon.colcon_core.shell:Creating package script '/home/ros/ros2_ws/install/my_first_package/share/my_first_package/package.ps1'
[3.335s] INFO:colcon.colcon_core.shell:Creating package descriptor '/home/ros/ros2_ws/install/my_first_package/share/my_first_package/package.dsv'
[3.335s] INFO:colcon.colcon_core.shell:Creating package script '/home/ros/ros2_ws/install/my_first_package/share/my_first_package/package.sh'
[3.336s] INFO:colcon.colcon_core.shell:Creating package script '/home/ros/ros2_ws/install/my_first_package/share/my_first_package/package.bash'
[3.336s] INFO:colcon.colcon_core.shell:Creating package script '/home/ros/ros2_ws/install/my_first_package/share/my_first_package/package.zsh'
[3.337s] Level 1:colcon.colcon_core.environment:create_file_with_runtime_dependencies(/home/ros/ros2_ws/install/my_first_package/share/colcon-core/packages/my_first_package)
[3.337s] DEBUG:colcon.colcon_parallel_executor.executor.parallel:closing loop
[3.338s] DEBUG:colcon.colcon_parallel_executor.executor.parallel:loop closed
[3.338s] DEBUG:colcon.colcon_parallel_executor.executor.parallel:run_until_complete finished with '0'
[3.338s] DEBUG:colcon.colcon_core.event_reactor:joining thread
[3.422s] INFO:colcon.colcon_core.plugin_system:Skipping extension 'colcon_notification.desktop_notification.notify_send': Could not find 'notify-send'
[3.422s] INFO:colcon.colcon_core.plugin_system:Skipping extension 'colcon_notification.desktop_notification.terminal_notifier': Not used on non-Darwin systems
[3.422s] INFO:colcon.colcon_core.plugin_system:Skipping extension 'colcon_notification.desktop_notification.win32': Not used on non-Windows systems
[3.422s] INFO:colcon.colcon_notification.desktop_notification:Sending desktop notification using 'notify2'
[3.453s] DEBUG:colcon.colcon_notification.desktop_notification.notify2:Failed to initialize notify2: org.freedesktop.DBus.Error.Spawn.ExecFailed: /usr/bin/dbus-launch terminated abnormally without any error message
[3.454s] DEBUG:colcon.colcon_core.event_reactor:joined thread
[3.455s] INFO:colcon.colcon_core.shell:Creating prefix script '/home/ros/ros2_ws/install/local_setup.ps1'
[3.457s] INFO:colcon.colcon_core.shell:Creating prefix util module '/home/ros/ros2_ws/install/_local_setup_util_ps1.py'
[3.459s] INFO:colcon.colcon_core.shell:Creating prefix chain script '/home/ros/ros2_ws/install/setup.ps1'
[3.461s] INFO:colcon.colcon_core.shell:Creating prefix script '/home/ros/ros2_ws/install/local_setup.sh'
[3.462s] INFO:colcon.colcon_core.shell:Creating prefix util module '/home/ros/ros2_ws/install/_local_setup_util_sh.py'
[3.463s] INFO:colcon.colcon_core.shell:Creating prefix chain script '/home/ros/ros2_ws/install/setup.sh'
[3.465s] INFO:colcon.colcon_core.shell:Creating prefix script '/home/ros/ros2_ws/install/local_setup.bash'
[3.466s] INFO:colcon.colcon_core.shell:Creating prefix chain script '/home/ros/ros2_ws/install/setup.bash'
[3.484s] INFO:colcon.colcon_core.shell:Creating prefix script '/home/ros/ros2_ws/install/local_setup.zsh'
[3.486s] INFO:colcon.colcon_core.shell:Creating prefix chain script '/home/ros/ros2_ws/install/setup.zsh'
