[0.000000] (-) TimerEvent: {}
[0.000119] (my_first_package) JobQueued: {'identifier': 'my_first_package', 'dependencies': OrderedDict()}
[0.000670] (my_first_package) JobStarted: {'identifier': 'my_first_package'}
[0.099963] (-) TimerEvent: {}
[0.200615] (-) TimerEvent: {}
[0.301175] (-) TimerEvent: {}
[0.401856] (-) TimerEvent: {}
[0.502407] (-) TimerEvent: {}
[0.602927] (-) TimerEvent: {}
[0.707936] (-) TimerEvent: {}
[0.808468] (-) TimerEvent: {}
[0.909043] (-) TimerEvent: {}
[1.009359] (-) TimerEvent: {}
[1.109772] (-) TimerEvent: {}
[1.210531] (-) TimerEvent: {}
[1.311296] (-) TimerEvent: {}
[1.411928] (-) TimerEvent: {}
[1.512198] (-) TimerEvent: {}
[1.612498] (-) TimerEvent: {}
[1.712985] (-) TimerEvent: {}
[1.813591] (-) TimerEvent: {}
[1.914492] (-) TimerEvent: {}
[2.015373] (-) TimerEvent: {}
[2.048130] (my_first_package) Command: {'cmd': ['/usr/bin/python3', 'setup.py', 'egg_info', '--egg-base', '../../build/my_first_package', 'build', '--build-base', '/home/ros/ros2_ws/build/my_first_package/build', 'install', '--record', '/home/ros/ros2_ws/build/my_first_package/install.log', '--single-version-externally-managed'], 'cwd': '/home/ros/ros2_ws/src/my_first_package', 'env': {'HOSTNAME': 'joao', 'SHLVL': '1', 'LD_LIBRARY_PATH': '/opt/ros/humble/opt/rviz_ogre_vendor/lib:/opt/ros/humble/lib/x86_64-linux-gnu:/opt/ros/humble/lib', 'HOME': '/home/ros', 'OLDPWD': '/home/ros/ros2_ws/src', 'ROS_PYTHON_VERSION': '3', 'COLCON_PREFIX_PATH': '/home/ros/ros2_ws/install', 'ROS_DISTRO': 'humble', '_': '/usr/bin/colcon', 'ROS_VERSION': '2', 'TERM': 'xterm', 'ROS_LOCALHOST_ONLY': '0', 'PATH': '/opt/ros/humble/bin:/usr/local/sbin:/usr/local/bin:/usr/sbin:/usr/bin:/sbin:/bin', 'DISPLAY': ':0', 'LANG': 'C.UTF-8', 'AMENT_PREFIX_PATH': '/opt/ros/humble', 'PWD': '/home/ros/ros2_ws/build/my_first_package', 'LC_ALL': 'C.UTF-8', 'PYTHONPATH': '/home/ros/ros2_ws/build/my_first_package/prefix_override:/home/ros/ros2_ws/install/my_first_package/lib/python3.10/site-packages:/opt/ros/humble/lib/python3.10/site-packages:/opt/ros/humble/local/lib/python3.10/dist-packages', 'COLCON': '1'}, 'shell': False}
[2.115600] (-) TimerEvent: {}
[2.215915] (-) TimerEvent: {}
[2.237783] (my_first_package) StdoutLine: {'line': b'running egg_info\n'}
[2.238245] (my_first_package) StdoutLine: {'line': b'creating ../../build/my_first_package/my_first_package.egg-info\n'}
[2.238473] (my_first_package) StdoutLine: {'line': b'writing ../../build/my_first_package/my_first_package.egg-info/PKG-INFO\n'}
[2.238585] (my_first_package) StdoutLine: {'line': b'writing dependency_links to ../../build/my_first_package/my_first_package.egg-info/dependency_links.txt\n'}
[2.238705] (my_first_package) StdoutLine: {'line': b'writing entry points to ../../build/my_first_package/my_first_package.egg-info/entry_points.txt\n'}
[2.238783] (my_first_package) StdoutLine: {'line': b'writing requirements to ../../build/my_first_package/my_first_package.egg-info/requires.txt\n'}
[2.238860] (my_first_package) StdoutLine: {'line': b'writing top-level names to ../../build/my_first_package/my_first_package.egg-info/top_level.txt\n'}
[2.238936] (my_first_package) StdoutLine: {'line': b"writing manifest file '../../build/my_first_package/my_first_package.egg-info/SOURCES.txt'\n"}
[2.239738] (my_first_package) StdoutLine: {'line': b"reading manifest file '../../build/my_first_package/my_first_package.egg-info/SOURCES.txt'\n"}
[2.240358] (my_first_package) StdoutLine: {'line': b"writing manifest file '../../build/my_first_package/my_first_package.egg-info/SOURCES.txt'\n"}
[2.240472] (my_first_package) StdoutLine: {'line': b'running build\n'}
[2.240558] (my_first_package) StdoutLine: {'line': b'running build_py\n'}
[2.240735] (my_first_package) StdoutLine: {'line': b'creating /home/ros/ros2_ws/build/my_first_package/build\n'}
[2.240846] (my_first_package) StdoutLine: {'line': b'creating /home/ros/ros2_ws/build/my_first_package/build/lib\n'}
[2.240930] (my_first_package) StdoutLine: {'line': b'creating /home/ros/ros2_ws/build/my_first_package/build/lib/my_first_package\n'}
[2.241008] (my_first_package) StdoutLine: {'line': b'copying my_first_package/__init__.py -> /home/ros/ros2_ws/build/my_first_package/build/lib/my_first_package\n'}
[2.241096] (my_first_package) StdoutLine: {'line': b'running install\n'}
[2.244359] (my_first_package) StderrLine: {'line': b'/usr/lib/python3/dist-packages/setuptools/command/install.py:34: SetuptoolsDeprecationWarning: setup.py install is deprecated. Use build and pip and other standards-based tools.\n'}
[2.244544] (my_first_package) StderrLine: {'line': b'  warnings.warn(\n'}
[2.244719] (my_first_package) StdoutLine: {'line': b'running install_lib\n'}
[2.245404] (my_first_package) StdoutLine: {'line': b'creating /home/ros/ros2_ws/install/my_first_package/lib/python3.10/site-packages/my_first_package\n'}
[2.245568] (my_first_package) StdoutLine: {'line': b'copying /home/ros/ros2_ws/build/my_first_package/build/lib/my_first_package/__init__.py -> /home/ros/ros2_ws/install/my_first_package/lib/python3.10/site-packages/my_first_package\n'}
[2.245750] (my_first_package) StdoutLine: {'line': b'byte-compiling /home/ros/ros2_ws/install/my_first_package/lib/python3.10/site-packages/my_first_package/__init__.py to __init__.cpython-310.pyc\n'}
[2.245982] (my_first_package) StdoutLine: {'line': b'running install_data\n'}
[2.246393] (my_first_package) StdoutLine: {'line': b'creating /home/ros/ros2_ws/install/my_first_package/share/ament_index\n'}
[2.246770] (my_first_package) StdoutLine: {'line': b'creating /home/ros/ros2_ws/install/my_first_package/share/ament_index/resource_index\n'}
[2.246866] (my_first_package) StdoutLine: {'line': b'creating /home/ros/ros2_ws/install/my_first_package/share/ament_index/resource_index/packages\n'}
[2.246949] (my_first_package) StdoutLine: {'line': b'copying resource/my_first_package -> /home/ros/ros2_ws/install/my_first_package/share/ament_index/resource_index/packages\n'}
[2.247028] (my_first_package) StdoutLine: {'line': b'copying package.xml -> /home/ros/ros2_ws/install/my_first_package/share/my_first_package\n'}
[2.247108] (my_first_package) StdoutLine: {'line': b'running install_egg_info\n'}
[2.248699] (my_first_package) StdoutLine: {'line': b'Copying ../../build/my_first_package/my_first_package.egg-info to /home/ros/ros2_ws/install/my_first_package/lib/python3.10/site-packages/my_first_package-0.0.0-py3.10.egg-info\n'}
[2.249523] (my_first_package) StdoutLine: {'line': b'running install_scripts\n'}
[2.265798] (my_first_package) StdoutLine: {'line': b"writing list of installed files to '/home/ros/ros2_ws/build/my_first_package/install.log'\n"}
[2.283370] (my_first_package) CommandEnded: {'returncode': 0}
[2.315990] (-) TimerEvent: {}
[2.318129] (my_first_package) JobEnded: {'identifier': 'my_first_package', 'rc': 0}
[2.318747] (-) EventReactorShutdown: {}
