[0.000000] (-) TimerEvent: {}
[0.000576] (my_first_package) JobQueued: {'identifier': 'my_first_package', 'dependencies': OrderedDict()}
[0.000626] (my_first_package) JobStarted: {'identifier': 'my_first_package'}
[0.099978] (-) TimerEvent: {}
[0.200192] (-) TimerEvent: {}
[0.300479] (-) TimerEvent: {}
[0.386266] (my_first_package) Command: {'cmd': ['/usr/bin/python3', 'setup.py', 'develop', '--uninstall', '--editable', '--build-directory', '/home/ros/ros2_ws/build/my_first_package/build'], 'cwd': '/home/ros/ros2_ws/build/my_first_package', 'env': {'HOSTNAME': 'jpbg', 'GIT_ASKPASS': '/home/ros/.vscode-server/bin/863d2581ecda6849923a2118d93a088b0745d9d6/extensions/git/dist/askpass.sh', 'SHLVL': '2', 'LD_LIBRARY_PATH': '/opt/ros/humble/opt/rviz_ogre_vendor/lib:/opt/ros/humble/lib/x86_64-linux-gnu:/opt/ros/humble/lib', 'BROWSER': '/home/ros/.vscode-server/bin/863d2581ecda6849923a2118d93a088b0745d9d6/bin/helpers/browser.sh', 'HOME': '/home/ros', 'OLDPWD': '/home/ros', 'TERM_PROGRAM_VERSION': '1.87.2', 'VSCODE_IPC_HOOK_CLI': '/tmp/vscode-ipc-237ff85b-bf63-46c1-bc8e-6f4ddd346a06.sock', 'ROS_PYTHON_VERSION': '3', 'VSCODE_GIT_ASKPASS_MAIN': '/home/ros/.vscode-server/bin/863d2581ecda6849923a2118d93a088b0745d9d6/extensions/git/dist/askpass-main.js', 'VSCODE_GIT_ASKPASS_NODE': '/home/ros/.vscode-server/bin/863d2581ecda6849923a2118d93a088b0745d9d6/node', 'COLORTERM': 'truecolor', 'REMOTE_CONTAINERS': 'true', 'COLCON_PREFIX_PATH': '/home/ros/ros2_ws/install', 'ROS_DISTRO': 'humble', 'REMOTE_CONTAINERS_IPC': '/tmp/vscode-remote-containers-ipc-a59adf3e-f871-4c45-89db-0a43074919d8.sock', '_': '/usr/bin/colcon', 'ROS_VERSION': '2', 'TERM': 'xterm-256color', 'ROS_LOCALHOST_ONLY': '0', 'PATH': '/home/ros/.vscode-server/bin/863d2581ecda6849923a2118d93a088b0745d9d6/bin/remote-cli:/opt/ros/humble/bin:/usr/local/sbin:/usr/local/bin:/usr/sbin:/usr/bin:/sbin:/bin', 'REMOTE_CONTAINERS_SOCKETS': '["/tmp/vscode-ssh-auth-a59adf3e-f871-4c45-89db-0a43074919d8.sock","/tmp/.X11-unix/X1","/home/ros/.gnupg/S.gpg-agent"]', 'DISPLAY': ':0', 'LANG': 'C.UTF-8', 'VSCODE_GIT_IPC_HANDLE': '/tmp/vscode-git-ee7a4865e0.sock', 'TERM_PROGRAM': 'vscode', 'SSH_AUTH_SOCK': '/tmp/vscode-ssh-auth-a59adf3e-f871-4c45-89db-0a43074919d8.sock', 'AMENT_PREFIX_PATH': '/home/ros/ros2_ws/install/my_first_package:/opt/ros/humble', 'REMOTE_CONTAINERS_DISPLAY_SOCK': '/tmp/.X11-unix/X1', 'SHELL': '/bin/bash', 'VSCODE_GIT_ASKPASS_EXTRA_ARGS': '', 'PWD': '/home/ros/ros2_ws/build/my_first_package', 'LC_ALL': 'C.UTF-8', 'PYTHONPATH': '/home/ros/ros2_ws/build/my_first_package/prefix_override:/home/ros/ros2_ws/install/my_first_package/lib/python3.10/site-packages:/home/ros/ros2_ws/install/my_first_package/lib/python3.10/site-packages:/opt/ros/humble/lib/python3.10/site-packages:/opt/ros/humble/local/lib/python3.10/dist-packages', 'COLCON': '1'}, 'shell': False}
[0.400653] (-) TimerEvent: {}
[0.500876] (-) TimerEvent: {}
[0.525815] (my_first_package) StdoutLine: {'line': b'running develop\n'}
[0.591071] (my_first_package) StdoutLine: {'line': b'Removing /home/ros/ros2_ws/install/my_first_package/lib/python3.10/site-packages/my-first-package.egg-link (link to .)\n'}
[0.600979] (-) TimerEvent: {}
[0.607755] (my_first_package) CommandEnded: {'returncode': 0}
[0.609282] (my_first_package) Command: {'cmd': ['/usr/bin/python3', 'setup.py', 'egg_info', '--egg-base', '../../build/my_first_package', 'build', '--build-base', '/home/ros/ros2_ws/build/my_first_package/build', 'install', '--record', '/home/ros/ros2_ws/build/my_first_package/install.log', '--single-version-externally-managed'], 'cwd': '/home/ros/ros2_ws/src/my_first_package', 'env': {'HOSTNAME': 'jpbg', 'GIT_ASKPASS': '/home/ros/.vscode-server/bin/863d2581ecda6849923a2118d93a088b0745d9d6/extensions/git/dist/askpass.sh', 'SHLVL': '2', 'LD_LIBRARY_PATH': '/opt/ros/humble/opt/rviz_ogre_vendor/lib:/opt/ros/humble/lib/x86_64-linux-gnu:/opt/ros/humble/lib', 'BROWSER': '/home/ros/.vscode-server/bin/863d2581ecda6849923a2118d93a088b0745d9d6/bin/helpers/browser.sh', 'HOME': '/home/ros', 'OLDPWD': '/home/ros', 'TERM_PROGRAM_VERSION': '1.87.2', 'VSCODE_IPC_HOOK_CLI': '/tmp/vscode-ipc-237ff85b-bf63-46c1-bc8e-6f4ddd346a06.sock', 'ROS_PYTHON_VERSION': '3', 'VSCODE_GIT_ASKPASS_MAIN': '/home/ros/.vscode-server/bin/863d2581ecda6849923a2118d93a088b0745d9d6/extensions/git/dist/askpass-main.js', 'VSCODE_GIT_ASKPASS_NODE': '/home/ros/.vscode-server/bin/863d2581ecda6849923a2118d93a088b0745d9d6/node', 'COLORTERM': 'truecolor', 'REMOTE_CONTAINERS': 'true', 'COLCON_PREFIX_PATH': '/home/ros/ros2_ws/install', 'ROS_DISTRO': 'humble', 'REMOTE_CONTAINERS_IPC': '/tmp/vscode-remote-containers-ipc-a59adf3e-f871-4c45-89db-0a43074919d8.sock', '_': '/usr/bin/colcon', 'ROS_VERSION': '2', 'TERM': 'xterm-256color', 'ROS_LOCALHOST_ONLY': '0', 'PATH': '/home/ros/.vscode-server/bin/863d2581ecda6849923a2118d93a088b0745d9d6/bin/remote-cli:/opt/ros/humble/bin:/usr/local/sbin:/usr/local/bin:/usr/sbin:/usr/bin:/sbin:/bin', 'REMOTE_CONTAINERS_SOCKETS': '["/tmp/vscode-ssh-auth-a59adf3e-f871-4c45-89db-0a43074919d8.sock","/tmp/.X11-unix/X1","/home/ros/.gnupg/S.gpg-agent"]', 'DISPLAY': ':0', 'LANG': 'C.UTF-8', 'VSCODE_GIT_IPC_HANDLE': '/tmp/vscode-git-ee7a4865e0.sock', 'TERM_PROGRAM': 'vscode', 'SSH_AUTH_SOCK': '/tmp/vscode-ssh-auth-a59adf3e-f871-4c45-89db-0a43074919d8.sock', 'AMENT_PREFIX_PATH': '/home/ros/ros2_ws/install/my_first_package:/opt/ros/humble', 'REMOTE_CONTAINERS_DISPLAY_SOCK': '/tmp/.X11-unix/X1', 'SHELL': '/bin/bash', 'VSCODE_GIT_ASKPASS_EXTRA_ARGS': '', 'PWD': '/home/ros/ros2_ws/build/my_first_package', 'LC_ALL': 'C.UTF-8', 'PYTHONPATH': '/home/ros/ros2_ws/build/my_first_package/prefix_override:/home/ros/ros2_ws/install/my_first_package/lib/python3.10/site-packages:/home/ros/ros2_ws/install/my_first_package/lib/python3.10/site-packages:/opt/ros/humble/lib/python3.10/site-packages:/opt/ros/humble/local/lib/python3.10/dist-packages', 'COLCON': '1'}, 'shell': False}
[0.701195] (-) TimerEvent: {}
[0.736063] (my_first_package) StdoutLine: {'line': b'running egg_info\n'}
[0.736502] (my_first_package) StdoutLine: {'line': b'writing ../../build/my_first_package/my_first_package.egg-info/PKG-INFO\n'}
[0.736725] (my_first_package) StdoutLine: {'line': b'writing dependency_links to ../../build/my_first_package/my_first_package.egg-info/dependency_links.txt\n'}
[0.736951] (my_first_package) StdoutLine: {'line': b'writing entry points to ../../build/my_first_package/my_first_package.egg-info/entry_points.txt\n'}
[0.737075] (my_first_package) StdoutLine: {'line': b'writing requirements to ../../build/my_first_package/my_first_package.egg-info/requires.txt\n'}
[0.737193] (my_first_package) StdoutLine: {'line': b'writing top-level names to ../../build/my_first_package/my_first_package.egg-info/top_level.txt\n'}
[0.738189] (my_first_package) StdoutLine: {'line': b"reading manifest file '../../build/my_first_package/my_first_package.egg-info/SOURCES.txt'\n"}
[0.738692] (my_first_package) StdoutLine: {'line': b"writing manifest file '../../build/my_first_package/my_first_package.egg-info/SOURCES.txt'\n"}
[0.738848] (my_first_package) StdoutLine: {'line': b'running build\n'}
[0.738913] (my_first_package) StdoutLine: {'line': b'running build_py\n'}
[0.738959] (my_first_package) StdoutLine: {'line': b'copying my_first_package/my_first_node.py -> /home/ros/ros2_ws/build/my_first_package/build/lib/my_first_package\n'}
[0.739111] (my_first_package) StdoutLine: {'line': b'running install\n'}
[0.739321] (my_first_package) StdoutLine: {'line': b'running install_lib\n'}
[0.739894] (my_first_package) StdoutLine: {'line': b'creating /home/ros/ros2_ws/install/my_first_package/lib/python3.10/site-packages/my_first_package\n'}
[0.740091] (my_first_package) StdoutLine: {'line': b'copying /home/ros/ros2_ws/build/my_first_package/build/lib/my_first_package/my_first_node.py -> /home/ros/ros2_ws/install/my_first_package/lib/python3.10/site-packages/my_first_package\n'}
[0.740205] (my_first_package) StdoutLine: {'line': b'copying /home/ros/ros2_ws/build/my_first_package/build/lib/my_first_package/__init__.py -> /home/ros/ros2_ws/install/my_first_package/lib/python3.10/site-packages/my_first_package\n'}
[0.740337] (my_first_package) StdoutLine: {'line': b'byte-compiling /home/ros/ros2_ws/install/my_first_package/lib/python3.10/site-packages/my_first_package/my_first_node.py to my_first_node.cpython-310.pyc\n'}
[0.740691] (my_first_package) StdoutLine: {'line': b'byte-compiling /home/ros/ros2_ws/install/my_first_package/lib/python3.10/site-packages/my_first_package/__init__.py to __init__.cpython-310.pyc\n'}
[0.740939] (my_first_package) StdoutLine: {'line': b'running install_data\n'}
[0.741165] (my_first_package) StdoutLine: {'line': b'running install_egg_info\n'}
[0.742240] (my_first_package) StdoutLine: {'line': b'Copying ../../build/my_first_package/my_first_package.egg-info to /home/ros/ros2_ws/install/my_first_package/lib/python3.10/site-packages/my_first_package-0.0.0-py3.10.egg-info\n'}
[0.742673] (my_first_package) StdoutLine: {'line': b'running install_scripts\n'}
[0.755006] (my_first_package) StdoutLine: {'line': b'Installing my_first_node script to /home/ros/ros2_ws/install/my_first_package/lib/my_first_package\n'}
[0.755208] (my_first_package) StdoutLine: {'line': b"writing list of installed files to '/home/ros/ros2_ws/build/my_first_package/install.log'\n"}
[0.770132] (my_first_package) CommandEnded: {'returncode': 0}
[0.792295] (my_first_package) JobEnded: {'identifier': 'my_first_package', 'rc': 0}
[0.792846] (-) EventReactorShutdown: {}
