[2.160s] Invoking command in '/home/ros/ros2_ws/src/my_first_package': PYTHONPATH=/home/ros/ros2_ws/build/my_first_package/prefix_override:/usr/lib/python3/dist-packages/colcon_core/task/python/colcon_distutils_commands:/home/ros/ros2_ws/install/my_first_package/lib/python3.10/site-packages:${PYTHONPATH} /usr/bin/python3 -W ignore:setup.py install is deprecated setup.py egg_info --egg-base ../../build/my_first_package build --build-base /home/ros/ros2_ws/build/my_first_package/build install --record /home/ros/ros2_ws/build/my_first_package/install.log --single-version-externally-managed install_data
[2.591s] running egg_info
[2.592s] writing ../../build/my_first_package/my_first_package.egg-info/PKG-INFO
[2.592s] writing dependency_links to ../../build/my_first_package/my_first_package.egg-info/dependency_links.txt
[2.592s] writing entry points to ../../build/my_first_package/my_first_package.egg-info/entry_points.txt
[2.592s] writing requirements to ../../build/my_first_package/my_first_package.egg-info/requires.txt
[2.592s] writing top-level names to ../../build/my_first_package/my_first_package.egg-info/top_level.txt
[2.594s] reading manifest file '../../build/my_first_package/my_first_package.egg-info/SOURCES.txt'
[2.595s] writing manifest file '../../build/my_first_package/my_first_package.egg-info/SOURCES.txt'
[2.595s] running build
[2.596s] running build_py
[2.596s] running install
[2.596s] running install_lib
[2.597s] running install_data
[2.598s] running install_egg_info
[2.600s] removing '/home/ros/ros2_ws/install/my_first_package/lib/python3.10/site-packages/my_first_package-0.0.0-py3.10.egg-info' (and everything under it)
[2.600s] Copying ../../build/my_first_package/my_first_package.egg-info to /home/ros/ros2_ws/install/my_first_package/lib/python3.10/site-packages/my_first_package-0.0.0-py3.10.egg-info
[2.602s] running install_scripts
[2.631s] Installing my_first_node script to /home/ros/ros2_ws/install/my_first_package/lib/my_first_package
[2.632s] writing list of installed files to '/home/ros/ros2_ws/build/my_first_package/install.log'
[2.679s] Invoked command in '/home/ros/ros2_ws/src/my_first_package' returned '0': PYTHONPATH=/home/ros/ros2_ws/build/my_first_package/prefix_override:/usr/lib/python3/dist-packages/colcon_core/task/python/colcon_distutils_commands:/home/ros/ros2_ws/install/my_first_package/lib/python3.10/site-packages:${PYTHONPATH} /usr/bin/python3 -W ignore:setup.py install is deprecated setup.py egg_info --egg-base ../../build/my_first_package build --build-base /home/ros/ros2_ws/build/my_first_package/build install --record /home/ros/ros2_ws/build/my_first_package/install.log --single-version-externally-managed install_data
