[0.375s] Invoking command in '/home/ros/ros2_ws/src/my_first_package': PYTHONPATH=/home/ros/ros2_ws/build/my_first_package/prefix_override:/usr/lib/python3/dist-packages/colcon_core/task/python/colcon_distutils_commands:/home/ros/ros2_ws/install/my_first_package/lib/python3.10/site-packages:${PYTHONPATH} /usr/bin/python3 -W ignore:setup.py install is deprecated setup.py egg_info --egg-base ../../build/my_first_package build --build-base /home/ros/ros2_ws/build/my_first_package/build install --record /home/ros/ros2_ws/build/my_first_package/install.log --single-version-externally-managed install_data
[0.519s] running egg_info
[0.519s] creating ../../build/my_first_package/my_first_package.egg-info
[0.519s] writing ../../build/my_first_package/my_first_package.egg-info/PKG-INFO
[0.520s] writing dependency_links to ../../build/my_first_package/my_first_package.egg-info/dependency_links.txt
[0.520s] writing entry points to ../../build/my_first_package/my_first_package.egg-info/entry_points.txt
[0.520s] writing requirements to ../../build/my_first_package/my_first_package.egg-info/requires.txt
[0.520s] writing top-level names to ../../build/my_first_package/my_first_package.egg-info/top_level.txt
[0.520s] writing manifest file '../../build/my_first_package/my_first_package.egg-info/SOURCES.txt'
[0.521s] reading manifest file '../../build/my_first_package/my_first_package.egg-info/SOURCES.txt'
[0.521s] writing manifest file '../../build/my_first_package/my_first_package.egg-info/SOURCES.txt'
[0.521s] running build
[0.521s] running build_py
[0.522s] creating /home/ros/ros2_ws/build/my_first_package/build
[0.522s] creating /home/ros/ros2_ws/build/my_first_package/build/lib
[0.522s] creating /home/ros/ros2_ws/build/my_first_package/build/lib/my_first_package
[0.522s] copying my_first_package/my_first_node.py -> /home/ros/ros2_ws/build/my_first_package/build/lib/my_first_package
[0.522s] copying my_first_package/__init__.py -> /home/ros/ros2_ws/build/my_first_package/build/lib/my_first_package
[0.522s] running install
[0.522s] running install_lib
[0.522s] creating /home/ros/ros2_ws/install/my_first_package/lib/python3.10/site-packages/my_first_package
[0.522s] copying /home/ros/ros2_ws/build/my_first_package/build/lib/my_first_package/my_first_node.py -> /home/ros/ros2_ws/install/my_first_package/lib/python3.10/site-packages/my_first_package
[0.522s] copying /home/ros/ros2_ws/build/my_first_package/build/lib/my_first_package/__init__.py -> /home/ros/ros2_ws/install/my_first_package/lib/python3.10/site-packages/my_first_package
[0.522s] byte-compiling /home/ros/ros2_ws/install/my_first_package/lib/python3.10/site-packages/my_first_package/my_first_node.py to my_first_node.cpython-310.pyc
[0.523s] byte-compiling /home/ros/ros2_ws/install/my_first_package/lib/python3.10/site-packages/my_first_package/__init__.py to __init__.cpython-310.pyc
[0.523s] running install_data
[0.523s] creating /home/ros/ros2_ws/install/my_first_package/share/ament_index
[0.523s] creating /home/ros/ros2_ws/install/my_first_package/share/ament_index/resource_index
[0.523s] creating /home/ros/ros2_ws/install/my_first_package/share/ament_index/resource_index/packages
[0.523s] copying resource/my_first_package -> /home/ros/ros2_ws/install/my_first_package/share/ament_index/resource_index/packages
[0.523s] copying package.xml -> /home/ros/ros2_ws/install/my_first_package/share/my_first_package
[0.523s] running install_egg_info
[0.524s] Copying ../../build/my_first_package/my_first_package.egg-info to /home/ros/ros2_ws/install/my_first_package/lib/python3.10/site-packages/my_first_package-0.0.0-py3.10.egg-info
[0.524s] running install_scripts
[0.539s] Installing my_first_node script to /home/ros/ros2_ws/install/my_first_package/lib/my_first_package
[0.539s] writing list of installed files to '/home/ros/ros2_ws/build/my_first_package/install.log'
[0.557s] Invoked command in '/home/ros/ros2_ws/src/my_first_package' returned '0': PYTHONPATH=/home/ros/ros2_ws/build/my_first_package/prefix_override:/usr/lib/python3/dist-packages/colcon_core/task/python/colcon_distutils_commands:/home/ros/ros2_ws/install/my_first_package/lib/python3.10/site-packages:${PYTHONPATH} /usr/bin/python3 -W ignore:setup.py install is deprecated setup.py egg_info --egg-base ../../build/my_first_package build --build-base /home/ros/ros2_ws/build/my_first_package/build install --record /home/ros/ros2_ws/build/my_first_package/install.log --single-version-externally-managed install_data
