[0.000000] (-) TimerEvent: {}
[0.000279] (my_first_package) JobQueued: {'identifier': 'my_first_package', 'dependencies': OrderedDict()}
[0.000311] (proj_bixos) JobQueued: {'identifier': 'proj_bixos', 'dependencies': OrderedDict()}
[0.000332] (my_first_package) JobStarted: {'identifier': 'my_first_package'}
[0.005804] (proj_bixos) JobStarted: {'identifier': 'proj_bixos'}
[0.099291] (-) TimerEvent: {}
[0.159263] (proj_bixos) JobProgress: {'identifier': 'proj_bixos', 'progress': 'cmake'}
[0.159388] (proj_bixos) Command: {'cmd': ['/usr/bin/cmake', '/home/ros/ros2_ws/src/proj_bixos', '-DCMAKE_INSTALL_PREFIX=/home/ros/ros2_ws/install/proj_bixos'], 'cwd': '/home/ros/ros2_ws/build/proj_bixos', 'env': OrderedDict([('HOSTNAME', 'jpbg'), ('GIT_ASKPASS', '/home/ros/.vscode-server/bin/fee1edb8d6d72a0ddff41e5f71a671c23ed924b9/extensions/git/dist/askpass.sh'), ('SHLVL', '2'), ('LD_LIBRARY_PATH', '/opt/ros/humble/opt/rviz_ogre_vendor/lib:/opt/ros/humble/lib/x86_64-linux-gnu:/opt/ros/humble/lib'), ('BROWSER', '/home/ros/.vscode-server/bin/fee1edb8d6d72a0ddff41e5f71a671c23ed924b9/bin/helpers/browser.sh'), ('HOME', '/home/ros'), ('OLDPWD', '/home/ros/ros2_ws/src'), ('TERM_PROGRAM_VERSION', '1.92.2'), ('VSCODE_IPC_HOOK_CLI', '/tmp/vscode-ipc-25133928-313d-4a3f-bde3-c9f7a82f9e79.sock'), ('ROS_PYTHON_VERSION', '3'), ('VSCODE_GIT_ASKPASS_MAIN', '/home/ros/.vscode-server/bin/fee1edb8d6d72a0ddff41e5f71a671c23ed924b9/extensions/git/dist/askpass-main.js'), ('VSCODE_GIT_ASKPASS_NODE', '/home/ros/.vscode-server/bin/fee1edb8d6d72a0ddff41e5f71a671c23ed924b9/node'), ('COLORTERM', 'truecolor'), ('REMOTE_CONTAINERS', 'true'), ('COLCON_PREFIX_PATH', '/home/ros/ros2_ws/install'), ('ROS_DISTRO', 'humble'), ('REMOTE_CONTAINERS_IPC', '/tmp/vscode-remote-containers-ipc-41e7b766-12c1-497f-82e3-1e6245b80516.sock'), ('_', '/usr/bin/colcon'), ('ROS_VERSION', '2'), ('TERM', 'xterm-256color'), ('ROS_LOCALHOST_ONLY', '0'), ('PATH', '/home/ros/.vscode-server/bin/fee1edb8d6d72a0ddff41e5f71a671c23ed924b9/bin/remote-cli:/opt/ros/humble/bin:/usr/local/sbin:/usr/local/bin:/usr/sbin:/usr/bin:/sbin:/bin'), ('REMOTE_CONTAINERS_SOCKETS', '["/tmp/vscode-ssh-auth-41e7b766-12c1-497f-82e3-1e6245b80516.sock","/home/ros/.gnupg/S.gpg-agent"]'), ('DISPLAY', ':0'), ('LANG', 'C.UTF-8'), ('VSCODE_GIT_IPC_HANDLE', '/tmp/vscode-git-3eeccac72f.sock'), ('TERM_PROGRAM', 'vscode'), ('SSH_AUTH_SOCK', '/tmp/vscode-ssh-auth-41e7b766-12c1-497f-82e3-1e6245b80516.sock'), ('AMENT_PREFIX_PATH', '/home/ros/ros2_ws/install/proj_bixos:/home/ros/ros2_ws/install/my_first_package:/opt/ros/humble'), ('SHELL', '/bin/bash'), ('VSCODE_GIT_ASKPASS_EXTRA_ARGS', ''), ('PWD', '/home/ros/ros2_ws/build/proj_bixos'), ('LC_ALL', 'C.UTF-8'), ('PYTHONPATH', '/home/ros/ros2_ws/install/my_first_package/lib/python3.10/site-packages:/opt/ros/humble/lib/python3.10/site-packages:/opt/ros/humble/local/lib/python3.10/dist-packages'), ('COLCON', '1'), ('CMAKE_PREFIX_PATH', '/home/ros/ros2_ws/install/proj_bixos:/home/ros/ros2_ws/install/my_first_package:/opt/ros/humble')]), 'shell': False}
[0.199406] (-) TimerEvent: {}
[0.295060] (proj_bixos) StdoutLine: {'line': b'-- The C compiler identification is GNU 11.4.0\n'}
[0.299491] (-) TimerEvent: {}
[0.347743] (proj_bixos) StdoutLine: {'line': b'-- The CXX compiler identification is GNU 11.4.0\n'}
[0.354922] (proj_bixos) StdoutLine: {'line': b'-- Detecting C compiler ABI info\n'}
[0.374624] (my_first_package) Command: {'cmd': ['/usr/bin/python3', '-W', 'ignore:setup.py install is deprecated', 'setup.py', 'egg_info', '--egg-base', '../../build/my_first_package', 'build', '--build-base', '/home/ros/ros2_ws/build/my_first_package/build', 'install', '--record', '/home/ros/ros2_ws/build/my_first_package/install.log', '--single-version-externally-managed', 'install_data'], 'cwd': '/home/ros/ros2_ws/src/my_first_package', 'env': {'HOSTNAME': 'jpbg', 'GIT_ASKPASS': '/home/ros/.vscode-server/bin/fee1edb8d6d72a0ddff41e5f71a671c23ed924b9/extensions/git/dist/askpass.sh', 'SHLVL': '2', 'LD_LIBRARY_PATH': '/opt/ros/humble/opt/rviz_ogre_vendor/lib:/opt/ros/humble/lib/x86_64-linux-gnu:/opt/ros/humble/lib', 'BROWSER': '/home/ros/.vscode-server/bin/fee1edb8d6d72a0ddff41e5f71a671c23ed924b9/bin/helpers/browser.sh', 'HOME': '/home/ros', 'OLDPWD': '/home/ros/ros2_ws/src', 'TERM_PROGRAM_VERSION': '1.92.2', 'VSCODE_IPC_HOOK_CLI': '/tmp/vscode-ipc-25133928-313d-4a3f-bde3-c9f7a82f9e79.sock', 'ROS_PYTHON_VERSION': '3', 'VSCODE_GIT_ASKPASS_MAIN': '/home/ros/.vscode-server/bin/fee1edb8d6d72a0ddff41e5f71a671c23ed924b9/extensions/git/dist/askpass-main.js', 'VSCODE_GIT_ASKPASS_NODE': '/home/ros/.vscode-server/bin/fee1edb8d6d72a0ddff41e5f71a671c23ed924b9/node', 'COLORTERM': 'truecolor', 'REMOTE_CONTAINERS': 'true', 'COLCON_PREFIX_PATH': '/home/ros/ros2_ws/install', 'ROS_DISTRO': 'humble', 'REMOTE_CONTAINERS_IPC': '/tmp/vscode-remote-containers-ipc-41e7b766-12c1-497f-82e3-1e6245b80516.sock', '_': '/usr/bin/colcon', 'ROS_VERSION': '2', 'TERM': 'xterm-256color', 'ROS_LOCALHOST_ONLY': '0', 'PATH': '/home/ros/.vscode-server/bin/fee1edb8d6d72a0ddff41e5f71a671c23ed924b9/bin/remote-cli:/opt/ros/humble/bin:/usr/local/sbin:/usr/local/bin:/usr/sbin:/usr/bin:/sbin:/bin', 'REMOTE_CONTAINERS_SOCKETS': '["/tmp/vscode-ssh-auth-41e7b766-12c1-497f-82e3-1e6245b80516.sock","/home/ros/.gnupg/S.gpg-agent"]', 'DISPLAY': ':0', 'LANG': 'C.UTF-8', 'VSCODE_GIT_IPC_HANDLE': '/tmp/vscode-git-3eeccac72f.sock', 'TERM_PROGRAM': 'vscode', 'SSH_AUTH_SOCK': '/tmp/vscode-ssh-auth-41e7b766-12c1-497f-82e3-1e6245b80516.sock', 'AMENT_PREFIX_PATH': '/home/ros/ros2_ws/install/proj_bixos:/home/ros/ros2_ws/install/my_first_package:/opt/ros/humble', 'SHELL': '/bin/bash', 'VSCODE_GIT_ASKPASS_EXTRA_ARGS': '', 'PWD': '/home/ros/ros2_ws/build/my_first_package', 'LC_ALL': 'C.UTF-8', 'PYTHONPATH': '/home/ros/ros2_ws/build/my_first_package/prefix_override:/usr/lib/python3/dist-packages/colcon_core/task/python/colcon_distutils_commands:/home/ros/ros2_ws/install/my_first_package/lib/python3.10/site-packages:/home/ros/ros2_ws/install/my_first_package/lib/python3.10/site-packages:/opt/ros/humble/lib/python3.10/site-packages:/opt/ros/humble/local/lib/python3.10/dist-packages', 'COLCON': '1', 'CMAKE_PREFIX_PATH': '/home/ros/ros2_ws/install/proj_bixos'}, 'shell': False}
[0.399619] (-) TimerEvent: {}
[0.415785] (proj_bixos) StdoutLine: {'line': b'-- Detecting C compiler ABI info - done\n'}
[0.421995] (proj_bixos) StdoutLine: {'line': b'-- Check for working C compiler: /usr/bin/cc - skipped\n'}
[0.422165] (proj_bixos) StdoutLine: {'line': b'-- Detecting C compile features\n'}
[0.422414] (proj_bixos) StdoutLine: {'line': b'-- Detecting C compile features - done\n'}
[0.424468] (proj_bixos) StdoutLine: {'line': b'-- Detecting CXX compiler ABI info\n'}
[0.494048] (proj_bixos) StdoutLine: {'line': b'-- Detecting CXX compiler ABI info - done\n'}
[0.499734] (-) TimerEvent: {}
[0.502271] (proj_bixos) StdoutLine: {'line': b'-- Check for working CXX compiler: /usr/bin/c++ - skipped\n'}
[0.502517] (proj_bixos) StdoutLine: {'line': b'-- Detecting CXX compile features\n'}
[0.503047] (proj_bixos) StdoutLine: {'line': b'-- Detecting CXX compile features - done\n'}
[0.512644] (proj_bixos) StdoutLine: {'line': b'-- Found ament_cmake: 1.3.10 (/opt/ros/humble/share/ament_cmake/cmake)\n'}
[0.519181] (my_first_package) StdoutLine: {'line': b'running egg_info\n'}
[0.519473] (my_first_package) StdoutLine: {'line': b'creating ../../build/my_first_package/my_first_package.egg-info\n'}
[0.519670] (my_first_package) StdoutLine: {'line': b'writing ../../build/my_first_package/my_first_package.egg-info/PKG-INFO\n'}
[0.519849] (my_first_package) StdoutLine: {'line': b'writing dependency_links to ../../build/my_first_package/my_first_package.egg-info/dependency_links.txt\n'}
[0.520009] (my_first_package) StdoutLine: {'line': b'writing entry points to ../../build/my_first_package/my_first_package.egg-info/entry_points.txt\n'}
[0.520103] (my_first_package) StdoutLine: {'line': b'writing requirements to ../../build/my_first_package/my_first_package.egg-info/requires.txt\n'}
[0.520169] (my_first_package) StdoutLine: {'line': b'writing top-level names to ../../build/my_first_package/my_first_package.egg-info/top_level.txt\n'}
[0.520232] (my_first_package) StdoutLine: {'line': b"writing manifest file '../../build/my_first_package/my_first_package.egg-info/SOURCES.txt'\n"}
[0.520940] (my_first_package) StdoutLine: {'line': b"reading manifest file '../../build/my_first_package/my_first_package.egg-info/SOURCES.txt'\n"}
[0.521462] (my_first_package) StdoutLine: {'line': b"writing manifest file '../../build/my_first_package/my_first_package.egg-info/SOURCES.txt'\n"}
[0.521559] (my_first_package) StdoutLine: {'line': b'running build\n'}
[0.521632] (my_first_package) StdoutLine: {'line': b'running build_py\n'}
[0.521776] (my_first_package) StdoutLine: {'line': b'creating /home/ros/ros2_ws/build/my_first_package/build\n'}
[0.521868] (my_first_package) StdoutLine: {'line': b'creating /home/ros/ros2_ws/build/my_first_package/build/lib\n'}
[0.521940] (my_first_package) StdoutLine: {'line': b'creating /home/ros/ros2_ws/build/my_first_package/build/lib/my_first_package\n'}
[0.522040] (my_first_package) StdoutLine: {'line': b'copying my_first_package/my_first_node.py -> /home/ros/ros2_ws/build/my_first_package/build/lib/my_first_package\n'}
[0.522102] (my_first_package) StdoutLine: {'line': b'copying my_first_package/__init__.py -> /home/ros/ros2_ws/build/my_first_package/build/lib/my_first_package\n'}
[0.522163] (my_first_package) StdoutLine: {'line': b'running install\n'}
[0.522223] (my_first_package) StdoutLine: {'line': b'running install_lib\n'}
[0.522329] (my_first_package) StdoutLine: {'line': b'creating /home/ros/ros2_ws/install/my_first_package/lib/python3.10/site-packages/my_first_package\n'}
[0.522420] (my_first_package) StdoutLine: {'line': b'copying /home/ros/ros2_ws/build/my_first_package/build/lib/my_first_package/my_first_node.py -> /home/ros/ros2_ws/install/my_first_package/lib/python3.10/site-packages/my_first_package\n'}
[0.522509] (my_first_package) StdoutLine: {'line': b'copying /home/ros/ros2_ws/build/my_first_package/build/lib/my_first_package/__init__.py -> /home/ros/ros2_ws/install/my_first_package/lib/python3.10/site-packages/my_first_package\n'}
[0.522680] (my_first_package) StdoutLine: {'line': b'byte-compiling /home/ros/ros2_ws/install/my_first_package/lib/python3.10/site-packages/my_first_package/my_first_node.py to my_first_node.cpython-310.pyc\n'}
[0.523029] (my_first_package) StdoutLine: {'line': b'byte-compiling /home/ros/ros2_ws/install/my_first_package/lib/python3.10/site-packages/my_first_package/__init__.py to __init__.cpython-310.pyc\n'}
[0.523172] (my_first_package) StdoutLine: {'line': b'running install_data\n'}
[0.523246] (my_first_package) StdoutLine: {'line': b'creating /home/ros/ros2_ws/install/my_first_package/share/ament_index\n'}
[0.523312] (my_first_package) StdoutLine: {'line': b'creating /home/ros/ros2_ws/install/my_first_package/share/ament_index/resource_index\n'}
[0.523400] (my_first_package) StdoutLine: {'line': b'creating /home/ros/ros2_ws/install/my_first_package/share/ament_index/resource_index/packages\n'}
[0.523497] (my_first_package) StdoutLine: {'line': b'copying resource/my_first_package -> /home/ros/ros2_ws/install/my_first_package/share/ament_index/resource_index/packages\n'}
[0.523560] (my_first_package) StdoutLine: {'line': b'copying package.xml -> /home/ros/ros2_ws/install/my_first_package/share/my_first_package\n'}
[0.523619] (my_first_package) StdoutLine: {'line': b'running install_egg_info\n'}
[0.524335] (my_first_package) StdoutLine: {'line': b'Copying ../../build/my_first_package/my_first_package.egg-info to /home/ros/ros2_ws/install/my_first_package/lib/python3.10/site-packages/my_first_package-0.0.0-py3.10.egg-info\n'}
[0.524769] (my_first_package) StdoutLine: {'line': b'running install_scripts\n'}
[0.538889] (my_first_package) StdoutLine: {'line': b'Installing my_first_node script to /home/ros/ros2_ws/install/my_first_package/lib/my_first_package\n'}
[0.539049] (my_first_package) StdoutLine: {'line': b"writing list of installed files to '/home/ros/ros2_ws/build/my_first_package/install.log'\n"}
[0.557283] (my_first_package) CommandEnded: {'returncode': 0}
[0.564160] (my_first_package) JobEnded: {'identifier': 'my_first_package', 'rc': 0}
[0.599873] (-) TimerEvent: {}
[0.652594] (proj_bixos) StdoutLine: {'line': b'-- Found Python3: /usr/bin/python3 (found version "3.10.12") found components: Interpreter \n'}
[0.700012] (-) TimerEvent: {}
[0.740087] (proj_bixos) StdoutLine: {'line': b'-- Found rclcpp: 16.0.10 (/opt/ros/humble/share/rclcpp/cmake)\n'}
[0.798054] (proj_bixos) StdoutLine: {'line': b'-- Found rosidl_generator_c: 3.1.5 (/opt/ros/humble/share/rosidl_generator_c/cmake)\n'}
[0.800113] (-) TimerEvent: {}
[0.803855] (proj_bixos) StdoutLine: {'line': b'-- Found rosidl_adapter: 3.1.5 (/opt/ros/humble/share/rosidl_adapter/cmake)\n'}
[0.810959] (proj_bixos) StdoutLine: {'line': b'-- Found rosidl_generator_cpp: 3.1.5 (/opt/ros/humble/share/rosidl_generator_cpp/cmake)\n'}
[0.820118] (proj_bixos) StdoutLine: {'line': b'-- Using all available rosidl_typesupport_c: rosidl_typesupport_fastrtps_c;rosidl_typesupport_introspection_c\n'}
[0.832864] (proj_bixos) StdoutLine: {'line': b'-- Using all available rosidl_typesupport_cpp: rosidl_typesupport_fastrtps_cpp;rosidl_typesupport_introspection_cpp\n'}
[0.871095] (proj_bixos) StdoutLine: {'line': b'-- Found rmw_implementation_cmake: 6.1.2 (/opt/ros/humble/share/rmw_implementation_cmake/cmake)\n'}
[0.874158] (proj_bixos) StdoutLine: {'line': b'-- Found rmw_fastrtps_cpp: 6.2.7 (/opt/ros/humble/share/rmw_fastrtps_cpp/cmake)\n'}
[0.900252] (-) TimerEvent: {}
[0.965069] (proj_bixos) StdoutLine: {'line': b'-- Found OpenSSL: /usr/lib/x86_64-linux-gnu/libcrypto.so (found version "3.0.2")  \n'}
[0.989936] (proj_bixos) StdoutLine: {'line': b'-- Found FastRTPS: /opt/ros/humble/include  \n'}
[1.000386] (-) TimerEvent: {}
[1.034501] (proj_bixos) StdoutLine: {'line': b"-- Using RMW implementation 'rmw_fastrtps_cpp' as default\n"}
[1.040534] (proj_bixos) StdoutLine: {'line': b'-- Looking for pthread.h\n'}
[1.100573] (-) TimerEvent: {}
[1.141937] (proj_bixos) StdoutLine: {'line': b'-- Looking for pthread.h - found\n'}
[1.142572] (proj_bixos) StdoutLine: {'line': b'-- Performing Test CMAKE_HAVE_LIBC_PTHREAD\n'}
[1.200728] (-) TimerEvent: {}
[1.261672] (proj_bixos) StdoutLine: {'line': b'-- Performing Test CMAKE_HAVE_LIBC_PTHREAD - Success\n'}
[1.262760] (proj_bixos) StdoutLine: {'line': b'-- Found Threads: TRUE  \n'}
[1.300904] (-) TimerEvent: {}
[1.309818] (proj_bixos) StdoutLine: {'line': b'-- Found rclpy: 3.3.14 (/opt/ros/humble/share/rclpy/cmake)\n'}
[1.311268] (proj_bixos) StdoutLine: {'line': b'-- Found geometry_msgs: 4.2.4 (/opt/ros/humble/share/geometry_msgs/cmake)\n'}
[1.327452] (proj_bixos) StdoutLine: {'line': b'-- Found sensor_msgs: 4.2.4 (/opt/ros/humble/share/sensor_msgs/cmake)\n'}
[1.347309] (proj_bixos) StdoutLine: {'line': b'-- Found cv_bridge: 3.2.1 (/opt/ros/humble/share/cv_bridge/cmake)\n'}
[1.359497] (proj_bixos) StdoutLine: {'line': b'-- Found ament_lint_auto: 0.12.11 (/opt/ros/humble/share/ament_lint_auto/cmake)\n'}
[1.401020] (-) TimerEvent: {}
[1.442700] (proj_bixos) StdoutLine: {'line': b"-- Added test 'flake8' to check Python code syntax and style conventions\n"}
[1.443516] (proj_bixos) StdoutLine: {'line': b"-- Added test 'lint_cmake' to check CMake code style\n"}
[1.444161] (proj_bixos) StdoutLine: {'line': b"-- Added test 'pep257' to check Python code against some of the docstring style conventions in PEP 257\n"}
[1.445028] (proj_bixos) StdoutLine: {'line': b"-- Added test 'xmllint' to check XML markup files\n"}
[1.445813] (proj_bixos) StdoutLine: {'line': b'-- Configuring done\n'}
[1.448877] (proj_bixos) StdoutLine: {'line': b'-- Generating done\n'}
[1.449822] (proj_bixos) StdoutLine: {'line': b'-- Build files have been written to: /home/ros/ros2_ws/build/proj_bixos\n'}
[1.456261] (proj_bixos) CommandEnded: {'returncode': 0}
[1.456739] (proj_bixos) JobProgress: {'identifier': 'proj_bixos', 'progress': 'build'}
[1.457393] (proj_bixos) Command: {'cmd': ['/usr/bin/cmake', '--build', '/home/ros/ros2_ws/build/proj_bixos', '--', '-j12', '-l12'], 'cwd': '/home/ros/ros2_ws/build/proj_bixos', 'env': OrderedDict([('HOSTNAME', 'jpbg'), ('GIT_ASKPASS', '/home/ros/.vscode-server/bin/fee1edb8d6d72a0ddff41e5f71a671c23ed924b9/extensions/git/dist/askpass.sh'), ('SHLVL', '2'), ('LD_LIBRARY_PATH', '/opt/ros/humble/opt/rviz_ogre_vendor/lib:/opt/ros/humble/lib/x86_64-linux-gnu:/opt/ros/humble/lib'), ('BROWSER', '/home/ros/.vscode-server/bin/fee1edb8d6d72a0ddff41e5f71a671c23ed924b9/bin/helpers/browser.sh'), ('HOME', '/home/ros'), ('OLDPWD', '/home/ros/ros2_ws/src'), ('TERM_PROGRAM_VERSION', '1.92.2'), ('VSCODE_IPC_HOOK_CLI', '/tmp/vscode-ipc-25133928-313d-4a3f-bde3-c9f7a82f9e79.sock'), ('ROS_PYTHON_VERSION', '3'), ('VSCODE_GIT_ASKPASS_MAIN', '/home/ros/.vscode-server/bin/fee1edb8d6d72a0ddff41e5f71a671c23ed924b9/extensions/git/dist/askpass-main.js'), ('VSCODE_GIT_ASKPASS_NODE', '/home/ros/.vscode-server/bin/fee1edb8d6d72a0ddff41e5f71a671c23ed924b9/node'), ('COLORTERM', 'truecolor'), ('REMOTE_CONTAINERS', 'true'), ('COLCON_PREFIX_PATH', '/home/ros/ros2_ws/install'), ('ROS_DISTRO', 'humble'), ('REMOTE_CONTAINERS_IPC', '/tmp/vscode-remote-containers-ipc-41e7b766-12c1-497f-82e3-1e6245b80516.sock'), ('_', '/usr/bin/colcon'), ('ROS_VERSION', '2'), ('TERM', 'xterm-256color'), ('ROS_LOCALHOST_ONLY', '0'), ('PATH', '/home/ros/.vscode-server/bin/fee1edb8d6d72a0ddff41e5f71a671c23ed924b9/bin/remote-cli:/opt/ros/humble/bin:/usr/local/sbin:/usr/local/bin:/usr/sbin:/usr/bin:/sbin:/bin'), ('REMOTE_CONTAINERS_SOCKETS', '["/tmp/vscode-ssh-auth-41e7b766-12c1-497f-82e3-1e6245b80516.sock","/home/ros/.gnupg/S.gpg-agent"]'), ('DISPLAY', ':0'), ('LANG', 'C.UTF-8'), ('VSCODE_GIT_IPC_HANDLE', '/tmp/vscode-git-3eeccac72f.sock'), ('TERM_PROGRAM', 'vscode'), ('SSH_AUTH_SOCK', '/tmp/vscode-ssh-auth-41e7b766-12c1-497f-82e3-1e6245b80516.sock'), ('AMENT_PREFIX_PATH', '/home/ros/ros2_ws/install/proj_bixos:/home/ros/ros2_ws/install/my_first_package:/opt/ros/humble'), ('SHELL', '/bin/bash'), ('VSCODE_GIT_ASKPASS_EXTRA_ARGS', ''), ('PWD', '/home/ros/ros2_ws/build/proj_bixos'), ('LC_ALL', 'C.UTF-8'), ('PYTHONPATH', '/home/ros/ros2_ws/install/my_first_package/lib/python3.10/site-packages:/opt/ros/humble/lib/python3.10/site-packages:/opt/ros/humble/local/lib/python3.10/dist-packages'), ('COLCON', '1'), ('CMAKE_PREFIX_PATH', '/home/ros/ros2_ws/install/proj_bixos:/home/ros/ros2_ws/install/my_first_package:/opt/ros/humble')]), 'shell': False}
[1.499861] (proj_bixos) CommandEnded: {'returncode': 0}
[1.501234] (-) TimerEvent: {}
[1.519908] (proj_bixos) JobProgress: {'identifier': 'proj_bixos', 'progress': 'install'}
[1.529703] (proj_bixos) Command: {'cmd': ['/usr/bin/cmake', '--install', '/home/ros/ros2_ws/build/proj_bixos'], 'cwd': '/home/ros/ros2_ws/build/proj_bixos', 'env': OrderedDict([('HOSTNAME', 'jpbg'), ('GIT_ASKPASS', '/home/ros/.vscode-server/bin/fee1edb8d6d72a0ddff41e5f71a671c23ed924b9/extensions/git/dist/askpass.sh'), ('SHLVL', '2'), ('LD_LIBRARY_PATH', '/opt/ros/humble/opt/rviz_ogre_vendor/lib:/opt/ros/humble/lib/x86_64-linux-gnu:/opt/ros/humble/lib'), ('BROWSER', '/home/ros/.vscode-server/bin/fee1edb8d6d72a0ddff41e5f71a671c23ed924b9/bin/helpers/browser.sh'), ('HOME', '/home/ros'), ('OLDPWD', '/home/ros/ros2_ws/src'), ('TERM_PROGRAM_VERSION', '1.92.2'), ('VSCODE_IPC_HOOK_CLI', '/tmp/vscode-ipc-25133928-313d-4a3f-bde3-c9f7a82f9e79.sock'), ('ROS_PYTHON_VERSION', '3'), ('VSCODE_GIT_ASKPASS_MAIN', '/home/ros/.vscode-server/bin/fee1edb8d6d72a0ddff41e5f71a671c23ed924b9/extensions/git/dist/askpass-main.js'), ('VSCODE_GIT_ASKPASS_NODE', '/home/ros/.vscode-server/bin/fee1edb8d6d72a0ddff41e5f71a671c23ed924b9/node'), ('COLORTERM', 'truecolor'), ('REMOTE_CONTAINERS', 'true'), ('COLCON_PREFIX_PATH', '/home/ros/ros2_ws/install'), ('ROS_DISTRO', 'humble'), ('REMOTE_CONTAINERS_IPC', '/tmp/vscode-remote-containers-ipc-41e7b766-12c1-497f-82e3-1e6245b80516.sock'), ('_', '/usr/bin/colcon'), ('ROS_VERSION', '2'), ('TERM', 'xterm-256color'), ('ROS_LOCALHOST_ONLY', '0'), ('PATH', '/home/ros/.vscode-server/bin/fee1edb8d6d72a0ddff41e5f71a671c23ed924b9/bin/remote-cli:/opt/ros/humble/bin:/usr/local/sbin:/usr/local/bin:/usr/sbin:/usr/bin:/sbin:/bin'), ('REMOTE_CONTAINERS_SOCKETS', '["/tmp/vscode-ssh-auth-41e7b766-12c1-497f-82e3-1e6245b80516.sock","/home/ros/.gnupg/S.gpg-agent"]'), ('DISPLAY', ':0'), ('LANG', 'C.UTF-8'), ('VSCODE_GIT_IPC_HANDLE', '/tmp/vscode-git-3eeccac72f.sock'), ('TERM_PROGRAM', 'vscode'), ('SSH_AUTH_SOCK', '/tmp/vscode-ssh-auth-41e7b766-12c1-497f-82e3-1e6245b80516.sock'), ('AMENT_PREFIX_PATH', '/home/ros/ros2_ws/install/proj_bixos:/home/ros/ros2_ws/install/my_first_package:/opt/ros/humble'), ('SHELL', '/bin/bash'), ('VSCODE_GIT_ASKPASS_EXTRA_ARGS', ''), ('PWD', '/home/ros/ros2_ws/build/proj_bixos'), ('LC_ALL', 'C.UTF-8'), ('PYTHONPATH', '/home/ros/ros2_ws/install/my_first_package/lib/python3.10/site-packages:/opt/ros/humble/lib/python3.10/site-packages:/opt/ros/humble/local/lib/python3.10/dist-packages'), ('COLCON', '1'), ('CMAKE_PREFIX_PATH', '/home/ros/ros2_ws/install/proj_bixos:/home/ros/ros2_ws/install/my_first_package:/opt/ros/humble')]), 'shell': False}
[1.538095] (proj_bixos) StdoutLine: {'line': b'-- Install configuration: ""\n'}
[1.538345] (proj_bixos) StdoutLine: {'line': b'-- Installing: /home/ros/ros2_ws/install/proj_bixos/lib/proj_bixos/data_collection_node.py\n'}
[1.538453] (proj_bixos) StdoutLine: {'line': b'-- Installing: /home/ros/ros2_ws/install/proj_bixos/lib/proj_bixos/cam_collection_node.py\n'}
[1.538551] (proj_bixos) StdoutLine: {'line': b'-- Installing: /home/ros/ros2_ws/install/proj_bixos/lib/proj_bixos/overlay_test.py\n'}
[1.538782] (proj_bixos) StdoutLine: {'line': b'-- Installing: /home/ros/ros2_ws/install/proj_bixos/share/ament_index/resource_index/package_run_dependencies/proj_bixos\n'}
[1.538993] (proj_bixos) StdoutLine: {'line': b'-- Installing: /home/ros/ros2_ws/install/proj_bixos/share/ament_index/resource_index/parent_prefix_path/proj_bixos\n'}
[1.539226] (proj_bixos) StdoutLine: {'line': b'-- Installing: /home/ros/ros2_ws/install/proj_bixos/share/proj_bixos/environment/ament_prefix_path.sh\n'}
[1.539386] (proj_bixos) StdoutLine: {'line': b'-- Installing: /home/ros/ros2_ws/install/proj_bixos/share/proj_bixos/environment/ament_prefix_path.dsv\n'}
[1.539534] (proj_bixos) StdoutLine: {'line': b'-- Installing: /home/ros/ros2_ws/install/proj_bixos/share/proj_bixos/environment/path.sh\n'}
[1.539683] (proj_bixos) StdoutLine: {'line': b'-- Installing: /home/ros/ros2_ws/install/proj_bixos/share/proj_bixos/environment/path.dsv\n'}
[1.539847] (proj_bixos) StdoutLine: {'line': b'-- Installing: /home/ros/ros2_ws/install/proj_bixos/share/proj_bixos/local_setup.bash\n'}
[1.540024] (proj_bixos) StdoutLine: {'line': b'-- Installing: /home/ros/ros2_ws/install/proj_bixos/share/proj_bixos/local_setup.sh\n'}
[1.540212] (proj_bixos) StdoutLine: {'line': b'-- Installing: /home/ros/ros2_ws/install/proj_bixos/share/proj_bixos/local_setup.zsh\n'}
[1.540406] (proj_bixos) StdoutLine: {'line': b'-- Installing: /home/ros/ros2_ws/install/proj_bixos/share/proj_bixos/local_setup.dsv\n'}
[1.540603] (proj_bixos) StdoutLine: {'line': b'-- Installing: /home/ros/ros2_ws/install/proj_bixos/share/proj_bixos/package.dsv\n'}
[1.540899] (proj_bixos) StdoutLine: {'line': b'-- Installing: /home/ros/ros2_ws/install/proj_bixos/share/ament_index/resource_index/packages/proj_bixos\n'}
[1.541196] (proj_bixos) StdoutLine: {'line': b'-- Installing: /home/ros/ros2_ws/install/proj_bixos/share/proj_bixos/cmake/proj_bixosConfig.cmake\n'}
[1.541412] (proj_bixos) StdoutLine: {'line': b'-- Installing: /home/ros/ros2_ws/install/proj_bixos/share/proj_bixos/cmake/proj_bixosConfig-version.cmake\n'}
[1.541604] (proj_bixos) StdoutLine: {'line': b'-- Installing: /home/ros/ros2_ws/install/proj_bixos/share/proj_bixos/package.xml\n'}
[1.544553] (proj_bixos) CommandEnded: {'returncode': 0}
[1.584980] (proj_bixos) JobEnded: {'identifier': 'proj_bixos', 'rc': 0}
[1.585734] (-) EventReactorShutdown: {}
