[0.397s] Invoking command in '/home/ros/ros2_ws/src/my_first_package': PYTHONPATH=/home/ros/ros2_ws/build/my_first_package/prefix_override:/home/ros/ros2_ws/install/my_first_package/lib/python3.10/site-packages:${PYTHONPATH} /usr/bin/python3 setup.py egg_info --egg-base ../../build/my_first_package build --build-base /home/ros/ros2_ws/build/my_first_package/build install --record /home/ros/ros2_ws/build/my_first_package/install.log --single-version-externally-managed
[0.532s] running egg_info
[0.532s] writing ../../build/my_first_package/my_first_package.egg-info/PKG-INFO
[0.533s] writing dependency_links to ../../build/my_first_package/my_first_package.egg-info/dependency_links.txt
[0.533s] writing entry points to ../../build/my_first_package/my_first_package.egg-info/entry_points.txt
[0.533s] writing requirements to ../../build/my_first_package/my_first_package.egg-info/requires.txt
[0.533s] writing top-level names to ../../build/my_first_package/my_first_package.egg-info/top_level.txt
[0.534s] reading manifest file '../../build/my_first_package/my_first_package.egg-info/SOURCES.txt'
[0.535s] writing manifest file '../../build/my_first_package/my_first_package.egg-info/SOURCES.txt'
[0.535s] running build
[0.535s] running build_py
[0.535s] copying my_first_package/my_first_node.py -> /home/ros/ros2_ws/build/my_first_package/build/lib/my_first_package
[0.535s] running install
[0.535s] running install_lib
[0.536s] copying /home/ros/ros2_ws/build/my_first_package/build/lib/my_first_package/my_first_node.py -> /home/ros/ros2_ws/install/my_first_package/lib/python3.10/site-packages/my_first_package
[0.536s] byte-compiling /home/ros/ros2_ws/install/my_first_package/lib/python3.10/site-packages/my_first_package/my_first_node.py to my_first_node.cpython-310.pyc
[0.536s] running install_data
[0.537s] running install_egg_info
[0.538s] removing '/home/ros/ros2_ws/install/my_first_package/lib/python3.10/site-packages/my_first_package-0.0.0-py3.10.egg-info' (and everything under it)
[0.538s] Copying ../../build/my_first_package/my_first_package.egg-info to /home/ros/ros2_ws/install/my_first_package/lib/python3.10/site-packages/my_first_package-0.0.0-py3.10.egg-info
[0.538s] running install_scripts
[0.551s] Installing my_first_node script to /home/ros/ros2_ws/install/my_first_package/lib/my_first_package
[0.551s] writing list of installed files to '/home/ros/ros2_ws/build/my_first_package/install.log'
[0.567s] Invoked command in '/home/ros/ros2_ws/src/my_first_package' returned '0': PYTHONPATH=/home/ros/ros2_ws/build/my_first_package/prefix_override:/home/ros/ros2_ws/install/my_first_package/lib/python3.10/site-packages:${PYTHONPATH} /usr/bin/python3 setup.py egg_info --egg-base ../../build/my_first_package build --build-base /home/ros/ros2_ws/build/my_first_package/build install --record /home/ros/ros2_ws/build/my_first_package/install.log --single-version-externally-managed
