[0.402s] Invoking command in '/home/ros/ros2_ws/src/my_first_package': PYTHONPATH=/home/ros/ros2_ws/build/my_first_package/prefix_override:/home/ros/ros2_ws/install/my_first_package/lib/python3.10/site-packages:${PYTHONPATH} /usr/bin/python3 setup.py egg_info --egg-base ../../build/my_first_package build --build-base /home/ros/ros2_ws/build/my_first_package/build install --record /home/ros/ros2_ws/build/my_first_package/install.log --single-version-externally-managed
[0.541s] running egg_info
[0.541s] writing ../../build/my_first_package/my_first_package.egg-info/PKG-INFO
[0.541s] writing dependency_links to ../../build/my_first_package/my_first_package.egg-info/dependency_links.txt
[0.541s] writing entry points to ../../build/my_first_package/my_first_package.egg-info/entry_points.txt
[0.541s] writing requirements to ../../build/my_first_package/my_first_package.egg-info/requires.txt
[0.541s] writing top-level names to ../../build/my_first_package/my_first_package.egg-info/top_level.txt
[0.543s] reading manifest file '../../build/my_first_package/my_first_package.egg-info/SOURCES.txt'
[0.544s] writing manifest file '../../build/my_first_package/my_first_package.egg-info/SOURCES.txt'
[0.544s] running build
[0.545s] running build_py
[0.545s] copying my_first_package/my_first_node.py -> /home/ros/ros2_ws/build/my_first_package/build/lib/my_first_package
[0.545s] running install
[0.545s] running install_lib
[0.547s] copying /home/ros/ros2_ws/build/my_first_package/build/lib/my_first_package/my_first_node.py -> /home/ros/ros2_ws/install/my_first_package/lib/python3.10/site-packages/my_first_package
[0.548s] byte-compiling /home/ros/ros2_ws/install/my_first_package/lib/python3.10/site-packages/my_first_package/my_first_node.py to my_first_node.cpython-310.pyc
[0.548s] running install_data
[0.549s] running install_egg_info
[0.552s] removing '/home/ros/ros2_ws/install/my_first_package/lib/python3.10/site-packages/my_first_package-0.0.0-py3.10.egg-info' (and everything under it)
[0.553s] Copying ../../build/my_first_package/my_first_package.egg-info to /home/ros/ros2_ws/install/my_first_package/lib/python3.10/site-packages/my_first_package-0.0.0-py3.10.egg-info
[0.556s] running install_scripts
[0.582s] Installing my_first_node script to /home/ros/ros2_ws/install/my_first_package/lib/my_first_package
[0.582s] writing list of installed files to '/home/ros/ros2_ws/build/my_first_package/install.log'
[0.611s] Invoked command in '/home/ros/ros2_ws/src/my_first_package' returned '0': PYTHONPATH=/home/ros/ros2_ws/build/my_first_package/prefix_override:/home/ros/ros2_ws/install/my_first_package/lib/python3.10/site-packages:${PYTHONPATH} /usr/bin/python3 setup.py egg_info --egg-base ../../build/my_first_package build --build-base /home/ros/ros2_ws/build/my_first_package/build install --record /home/ros/ros2_ws/build/my_first_package/install.log --single-version-externally-managed
