[0.433s] Invoking command in '/home/ros/ros2_ws/src/my_first_package': PYTHONPATH=/home/ros/ros2_ws/build/my_first_package/prefix_override:/home/ros/ros2_ws/install/my_first_package/lib/python3.10/site-packages:${PYTHONPATH} /usr/bin/python3 setup.py egg_info --egg-base ../../build/my_first_package build --build-base /home/ros/ros2_ws/build/my_first_package/build install --record /home/ros/ros2_ws/build/my_first_package/install.log --single-version-externally-managed
[0.582s] running egg_info
[0.583s] writing ../../build/my_first_package/my_first_package.egg-info/PKG-INFO
[0.583s] writing dependency_links to ../../build/my_first_package/my_first_package.egg-info/dependency_links.txt
[0.583s] writing entry points to ../../build/my_first_package/my_first_package.egg-info/entry_points.txt
[0.583s] writing requirements to ../../build/my_first_package/my_first_package.egg-info/requires.txt
[0.583s] writing top-level names to ../../build/my_first_package/my_first_package.egg-info/top_level.txt
[0.584s] reading manifest file '../../build/my_first_package/my_first_package.egg-info/SOURCES.txt'
[0.585s] writing manifest file '../../build/my_first_package/my_first_package.egg-info/SOURCES.txt'
[0.585s] running build
[0.585s] running build_py
[0.585s] copying my_first_package/my_first_node.py -> /home/ros/ros2_ws/build/my_first_package/build/lib/my_first_package
[0.585s] running install
[0.585s] running install_lib
[0.586s] copying /home/ros/ros2_ws/build/my_first_package/build/lib/my_first_package/my_first_node.py -> /home/ros/ros2_ws/install/my_first_package/lib/python3.10/site-packages/my_first_package
[0.586s] byte-compiling /home/ros/ros2_ws/install/my_first_package/lib/python3.10/site-packages/my_first_package/my_first_node.py to my_first_node.cpython-310.pyc
[0.586s] running install_data
[0.586s] running install_egg_info
[0.588s] removing '/home/ros/ros2_ws/install/my_first_package/lib/python3.10/site-packages/my_first_package-0.0.0-py3.10.egg-info' (and everything under it)
[0.588s] Copying ../../build/my_first_package/my_first_package.egg-info to /home/ros/ros2_ws/install/my_first_package/lib/python3.10/site-packages/my_first_package-0.0.0-py3.10.egg-info
[0.589s] running install_scripts
[0.603s] writing list of installed files to '/home/ros/ros2_ws/build/my_first_package/install.log'
[0.619s] Invoked command in '/home/ros/ros2_ws/src/my_first_package' returned '0': PYTHONPATH=/home/ros/ros2_ws/build/my_first_package/prefix_override:/home/ros/ros2_ws/install/my_first_package/lib/python3.10/site-packages:${PYTHONPATH} /usr/bin/python3 setup.py egg_info --egg-base ../../build/my_first_package build --build-base /home/ros/ros2_ws/build/my_first_package/build install --record /home/ros/ros2_ws/build/my_first_package/install.log --single-version-externally-managed
