[0.367s] Invoking command in '/home/ros/ros2_ws/src/my_first_package': PYTHONPATH=/home/ros/ros2_ws/build/my_first_package/prefix_override:/usr/lib/python3/dist-packages/colcon_core/task/python/colcon_distutils_commands:/home/ros/ros2_ws/install/my_first_package/lib/python3.10/site-packages:${PYTHONPATH} /usr/bin/python3 -W ignore:setup.py install is deprecated setup.py egg_info --egg-base ../../build/my_first_package build --build-base /home/ros/ros2_ws/build/my_first_package/build install --record /home/ros/ros2_ws/build/my_first_package/install.log --single-version-externally-managed install_data
[0.508s] running egg_info
[0.509s] writing ../../build/my_first_package/my_first_package.egg-info/PKG-INFO
[0.510s] writing dependency_links to ../../build/my_first_package/my_first_package.egg-info/dependency_links.txt
[0.510s] writing entry points to ../../build/my_first_package/my_first_package.egg-info/entry_points.txt
[0.510s] writing requirements to ../../build/my_first_package/my_first_package.egg-info/requires.txt
[0.510s] writing top-level names to ../../build/my_first_package/my_first_package.egg-info/top_level.txt
[0.514s] reading manifest file '../../build/my_first_package/my_first_package.egg-info/SOURCES.txt'
[0.516s] writing manifest file '../../build/my_first_package/my_first_package.egg-info/SOURCES.txt'
[0.516s] running build
[0.517s] running build_py
[0.517s] running install
[0.517s] running install_lib
[0.520s] running install_data
[0.520s] running install_egg_info
[0.524s] removing '/home/ros/ros2_ws/install/my_first_package/lib/python3.10/site-packages/my_first_package-0.0.0-py3.10.egg-info' (and everything under it)
[0.525s] Copying ../../build/my_first_package/my_first_package.egg-info to /home/ros/ros2_ws/install/my_first_package/lib/python3.10/site-packages/my_first_package-0.0.0-py3.10.egg-info
[0.527s] running install_scripts
[0.563s] Installing my_first_node script to /home/ros/ros2_ws/install/my_first_package/lib/my_first_package
[0.563s] writing list of installed files to '/home/ros/ros2_ws/build/my_first_package/install.log'
[0.592s] Invoked command in '/home/ros/ros2_ws/src/my_first_package' returned '0': PYTHONPATH=/home/ros/ros2_ws/build/my_first_package/prefix_override:/usr/lib/python3/dist-packages/colcon_core/task/python/colcon_distutils_commands:/home/ros/ros2_ws/install/my_first_package/lib/python3.10/site-packages:${PYTHONPATH} /usr/bin/python3 -W ignore:setup.py install is deprecated setup.py egg_info --egg-base ../../build/my_first_package build --build-base /home/ros/ros2_ws/build/my_first_package/build install --record /home/ros/ros2_ws/build/my_first_package/install.log --single-version-externally-managed install_data
