[0.000000] (-) TimerEvent: {}
[0.000623] (my_first_package) JobQueued: {'identifier': 'my_first_package', 'dependencies': OrderedDict()}
[0.000840] (proj_bixos) JobQueued: {'identifier': 'proj_bixos', 'dependencies': OrderedDict()}
[0.000884] (my_first_package) JobStarted: {'identifier': 'my_first_package'}
[0.006030] (proj_bixos) JobStarted: {'identifier': 'proj_bixos'}
[0.099838] (-) TimerEvent: {}
[0.161622] (proj_bixos) JobProgress: {'identifier': 'proj_bixos', 'progress': 'cmake'}
[0.161993] (proj_bixos) JobProgress: {'identifier': 'proj_bixos', 'progress': 'build'}
[0.162444] (proj_bixos) Command: {'cmd': ['/usr/bin/cmake', '--build', '/home/ros/ros2_ws/build/proj_bixos', '--', '-j12', '-l12'], 'cwd': '/home/ros/ros2_ws/build/proj_bixos', 'env': OrderedDict([('HOSTNAME', 'jpbg'), ('GIT_ASKPASS', '/home/ros/.vscode-server/bin/fee1edb8d6d72a0ddff41e5f71a671c23ed924b9/extensions/git/dist/askpass.sh'), ('SHLVL', '2'), ('LD_LIBRARY_PATH', '/opt/ros/humble/opt/rviz_ogre_vendor/lib:/opt/ros/humble/lib/x86_64-linux-gnu:/opt/ros/humble/lib'), ('BROWSER', '/home/ros/.vscode-server/bin/fee1edb8d6d72a0ddff41e5f71a671c23ed924b9/bin/helpers/browser.sh'), ('HOME', '/home/ros'), ('OLDPWD', '/home/ros/ros2_ws/log'), ('TERM_PROGRAM_VERSION', '1.92.2'), ('VSCODE_IPC_HOOK_CLI', '/tmp/vscode-ipc-25133928-313d-4a3f-bde3-c9f7a82f9e79.sock'), ('ROS_PYTHON_VERSION', '3'), ('VSCODE_GIT_ASKPASS_MAIN', '/home/ros/.vscode-server/bin/fee1edb8d6d72a0ddff41e5f71a671c23ed924b9/extensions/git/dist/askpass-main.js'), ('VSCODE_GIT_ASKPASS_NODE', '/home/ros/.vscode-server/bin/fee1edb8d6d72a0ddff41e5f71a671c23ed924b9/node'), ('COLORTERM', 'truecolor'), ('REMOTE_CONTAINERS', 'true'), ('COLCON_PREFIX_PATH', '/home/ros/ros2_ws/install'), ('ROS_DISTRO', 'humble'), ('REMOTE_CONTAINERS_IPC', '/tmp/vscode-remote-containers-ipc-41e7b766-12c1-497f-82e3-1e6245b80516.sock'), ('_', '/usr/bin/colcon'), ('ROS_VERSION', '2'), ('TERM', 'xterm-256color'), ('ROS_LOCALHOST_ONLY', '0'), ('PATH', '/home/ros/.vscode-server/bin/fee1edb8d6d72a0ddff41e5f71a671c23ed924b9/bin/remote-cli:/opt/ros/humble/bin:/usr/local/sbin:/usr/local/bin:/usr/sbin:/usr/bin:/sbin:/bin'), ('REMOTE_CONTAINERS_SOCKETS', '["/tmp/vscode-ssh-auth-41e7b766-12c1-497f-82e3-1e6245b80516.sock","/home/ros/.gnupg/S.gpg-agent"]'), ('DISPLAY', ':0'), ('LANG', 'C.UTF-8'), ('VSCODE_GIT_IPC_HANDLE', '/tmp/vscode-git-3eeccac72f.sock'), ('TERM_PROGRAM', 'vscode'), ('SSH_AUTH_SOCK', '/tmp/vscode-ssh-auth-41e7b766-12c1-497f-82e3-1e6245b80516.sock'), ('AMENT_PREFIX_PATH', '/home/ros/ros2_ws/install/proj_bixos:/home/ros/ros2_ws/install/my_first_package:/opt/ros/humble'), ('SHELL', '/bin/bash'), ('VSCODE_GIT_ASKPASS_EXTRA_ARGS', ''), ('PWD', '/home/ros/ros2_ws/build/proj_bixos'), ('LC_ALL', 'C.UTF-8'), ('PYTHONPATH', '/home/ros/ros2_ws/install/my_first_package/lib/python3.10/site-packages:/opt/ros/humble/lib/python3.10/site-packages:/opt/ros/humble/local/lib/python3.10/dist-packages'), ('COLCON', '1'), ('CMAKE_PREFIX_PATH', '/home/ros/ros2_ws/install/proj_bixos:/home/ros/ros2_ws/install/my_first_package:/opt/ros/humble')]), 'shell': False}
[0.200022] (-) TimerEvent: {}
[0.203234] (proj_bixos) CommandEnded: {'returncode': 0}
[0.223906] (proj_bixos) JobProgress: {'identifier': 'proj_bixos', 'progress': 'install'}
[0.230141] (proj_bixos) Command: {'cmd': ['/usr/bin/cmake', '--install', '/home/ros/ros2_ws/build/proj_bixos'], 'cwd': '/home/ros/ros2_ws/build/proj_bixos', 'env': OrderedDict([('HOSTNAME', 'jpbg'), ('GIT_ASKPASS', '/home/ros/.vscode-server/bin/fee1edb8d6d72a0ddff41e5f71a671c23ed924b9/extensions/git/dist/askpass.sh'), ('SHLVL', '2'), ('LD_LIBRARY_PATH', '/opt/ros/humble/opt/rviz_ogre_vendor/lib:/opt/ros/humble/lib/x86_64-linux-gnu:/opt/ros/humble/lib'), ('BROWSER', '/home/ros/.vscode-server/bin/fee1edb8d6d72a0ddff41e5f71a671c23ed924b9/bin/helpers/browser.sh'), ('HOME', '/home/ros'), ('OLDPWD', '/home/ros/ros2_ws/log'), ('TERM_PROGRAM_VERSION', '1.92.2'), ('VSCODE_IPC_HOOK_CLI', '/tmp/vscode-ipc-25133928-313d-4a3f-bde3-c9f7a82f9e79.sock'), ('ROS_PYTHON_VERSION', '3'), ('VSCODE_GIT_ASKPASS_MAIN', '/home/ros/.vscode-server/bin/fee1edb8d6d72a0ddff41e5f71a671c23ed924b9/extensions/git/dist/askpass-main.js'), ('VSCODE_GIT_ASKPASS_NODE', '/home/ros/.vscode-server/bin/fee1edb8d6d72a0ddff41e5f71a671c23ed924b9/node'), ('COLORTERM', 'truecolor'), ('REMOTE_CONTAINERS', 'true'), ('COLCON_PREFIX_PATH', '/home/ros/ros2_ws/install'), ('ROS_DISTRO', 'humble'), ('REMOTE_CONTAINERS_IPC', '/tmp/vscode-remote-containers-ipc-41e7b766-12c1-497f-82e3-1e6245b80516.sock'), ('_', '/usr/bin/colcon'), ('ROS_VERSION', '2'), ('TERM', 'xterm-256color'), ('ROS_LOCALHOST_ONLY', '0'), ('PATH', '/home/ros/.vscode-server/bin/fee1edb8d6d72a0ddff41e5f71a671c23ed924b9/bin/remote-cli:/opt/ros/humble/bin:/usr/local/sbin:/usr/local/bin:/usr/sbin:/usr/bin:/sbin:/bin'), ('REMOTE_CONTAINERS_SOCKETS', '["/tmp/vscode-ssh-auth-41e7b766-12c1-497f-82e3-1e6245b80516.sock","/home/ros/.gnupg/S.gpg-agent"]'), ('DISPLAY', ':0'), ('LANG', 'C.UTF-8'), ('VSCODE_GIT_IPC_HANDLE', '/tmp/vscode-git-3eeccac72f.sock'), ('TERM_PROGRAM', 'vscode'), ('SSH_AUTH_SOCK', '/tmp/vscode-ssh-auth-41e7b766-12c1-497f-82e3-1e6245b80516.sock'), ('AMENT_PREFIX_PATH', '/home/ros/ros2_ws/install/proj_bixos:/home/ros/ros2_ws/install/my_first_package:/opt/ros/humble'), ('SHELL', '/bin/bash'), ('VSCODE_GIT_ASKPASS_EXTRA_ARGS', ''), ('PWD', '/home/ros/ros2_ws/build/proj_bixos'), ('LC_ALL', 'C.UTF-8'), ('PYTHONPATH', '/home/ros/ros2_ws/install/my_first_package/lib/python3.10/site-packages:/opt/ros/humble/lib/python3.10/site-packages:/opt/ros/humble/local/lib/python3.10/dist-packages'), ('COLCON', '1'), ('CMAKE_PREFIX_PATH', '/home/ros/ros2_ws/install/proj_bixos:/home/ros/ros2_ws/install/my_first_package:/opt/ros/humble')]), 'shell': False}
[0.236948] (proj_bixos) StdoutLine: {'line': b'-- Install configuration: ""\n'}
[0.237137] (proj_bixos) StdoutLine: {'line': b'-- Up-to-date: /home/ros/ros2_ws/install/proj_bixos/lib/proj_bixos/data_collection_node.py\n'}
[0.237222] (proj_bixos) StdoutLine: {'line': b'-- Installing: /home/ros/ros2_ws/install/proj_bixos/lib/proj_bixos/cam_collection_node.py\n'}
[0.237257] (proj_bixos) StdoutLine: {'line': b'-- Up-to-date: /home/ros/ros2_ws/install/proj_bixos/lib/proj_bixos/overlay_test.py\n'}
[0.237309] (proj_bixos) StdoutLine: {'line': b'-- Up-to-date: /home/ros/ros2_ws/install/proj_bixos/share/ament_index/resource_index/package_run_dependencies/proj_bixos\n'}
[0.237344] (proj_bixos) StdoutLine: {'line': b'-- Up-to-date: /home/ros/ros2_ws/install/proj_bixos/share/ament_index/resource_index/parent_prefix_path/proj_bixos\n'}
[0.237376] (proj_bixos) StdoutLine: {'line': b'-- Up-to-date: /home/ros/ros2_ws/install/proj_bixos/share/proj_bixos/environment/ament_prefix_path.sh\n'}
[0.237407] (proj_bixos) StdoutLine: {'line': b'-- Up-to-date: /home/ros/ros2_ws/install/proj_bixos/share/proj_bixos/environment/ament_prefix_path.dsv\n'}
[0.237440] (proj_bixos) StdoutLine: {'line': b'-- Up-to-date: /home/ros/ros2_ws/install/proj_bixos/share/proj_bixos/environment/path.sh\n'}
[0.237470] (proj_bixos) StdoutLine: {'line': b'-- Up-to-date: /home/ros/ros2_ws/install/proj_bixos/share/proj_bixos/environment/path.dsv\n'}
[0.237500] (proj_bixos) StdoutLine: {'line': b'-- Up-to-date: /home/ros/ros2_ws/install/proj_bixos/share/proj_bixos/local_setup.bash\n'}
[0.237530] (proj_bixos) StdoutLine: {'line': b'-- Up-to-date: /home/ros/ros2_ws/install/proj_bixos/share/proj_bixos/local_setup.sh\n'}
[0.237561] (proj_bixos) StdoutLine: {'line': b'-- Up-to-date: /home/ros/ros2_ws/install/proj_bixos/share/proj_bixos/local_setup.zsh\n'}
[0.237616] (proj_bixos) StdoutLine: {'line': b'-- Up-to-date: /home/ros/ros2_ws/install/proj_bixos/share/proj_bixos/local_setup.dsv\n'}
[0.237649] (proj_bixos) StdoutLine: {'line': b'-- Up-to-date: /home/ros/ros2_ws/install/proj_bixos/share/proj_bixos/package.dsv\n'}
[0.237706] (proj_bixos) StdoutLine: {'line': b'-- Up-to-date: /home/ros/ros2_ws/install/proj_bixos/share/ament_index/resource_index/packages/proj_bixos\n'}
[0.237738] (proj_bixos) StdoutLine: {'line': b'-- Up-to-date: /home/ros/ros2_ws/install/proj_bixos/share/proj_bixos/cmake/proj_bixosConfig.cmake\n'}
[0.237768] (proj_bixos) StdoutLine: {'line': b'-- Up-to-date: /home/ros/ros2_ws/install/proj_bixos/share/proj_bixos/cmake/proj_bixosConfig-version.cmake\n'}
[0.237799] (proj_bixos) StdoutLine: {'line': b'-- Up-to-date: /home/ros/ros2_ws/install/proj_bixos/share/proj_bixos/package.xml\n'}
[0.238790] (proj_bixos) CommandEnded: {'returncode': 0}
[0.274393] (proj_bixos) JobEnded: {'identifier': 'proj_bixos', 'rc': 0}
[0.300182] (-) TimerEvent: {}
[0.395226] (my_first_package) Command: {'cmd': ['/usr/bin/python3', '-W', 'ignore:setup.py install is deprecated', 'setup.py', 'egg_info', '--egg-base', '../../build/my_first_package', 'build', '--build-base', '/home/ros/ros2_ws/build/my_first_package/build', 'install', '--record', '/home/ros/ros2_ws/build/my_first_package/install.log', '--single-version-externally-managed', 'install_data'], 'cwd': '/home/ros/ros2_ws/src/my_first_package', 'env': {'HOSTNAME': 'jpbg', 'GIT_ASKPASS': '/home/ros/.vscode-server/bin/fee1edb8d6d72a0ddff41e5f71a671c23ed924b9/extensions/git/dist/askpass.sh', 'SHLVL': '2', 'LD_LIBRARY_PATH': '/opt/ros/humble/opt/rviz_ogre_vendor/lib:/opt/ros/humble/lib/x86_64-linux-gnu:/opt/ros/humble/lib', 'BROWSER': '/home/ros/.vscode-server/bin/fee1edb8d6d72a0ddff41e5f71a671c23ed924b9/bin/helpers/browser.sh', 'HOME': '/home/ros', 'OLDPWD': '/home/ros/ros2_ws/log', 'TERM_PROGRAM_VERSION': '1.92.2', 'VSCODE_IPC_HOOK_CLI': '/tmp/vscode-ipc-25133928-313d-4a3f-bde3-c9f7a82f9e79.sock', 'ROS_PYTHON_VERSION': '3', 'VSCODE_GIT_ASKPASS_MAIN': '/home/ros/.vscode-server/bin/fee1edb8d6d72a0ddff41e5f71a671c23ed924b9/extensions/git/dist/askpass-main.js', 'VSCODE_GIT_ASKPASS_NODE': '/home/ros/.vscode-server/bin/fee1edb8d6d72a0ddff41e5f71a671c23ed924b9/node', 'COLORTERM': 'truecolor', 'REMOTE_CONTAINERS': 'true', 'COLCON_PREFIX_PATH': '/home/ros/ros2_ws/install', 'ROS_DISTRO': 'humble', 'REMOTE_CONTAINERS_IPC': '/tmp/vscode-remote-containers-ipc-41e7b766-12c1-497f-82e3-1e6245b80516.sock', '_': '/usr/bin/colcon', 'ROS_VERSION': '2', 'TERM': 'xterm-256color', 'ROS_LOCALHOST_ONLY': '0', 'PATH': '/home/ros/.vscode-server/bin/fee1edb8d6d72a0ddff41e5f71a671c23ed924b9/bin/remote-cli:/opt/ros/humble/bin:/usr/local/sbin:/usr/local/bin:/usr/sbin:/usr/bin:/sbin:/bin', 'REMOTE_CONTAINERS_SOCKETS': '["/tmp/vscode-ssh-auth-41e7b766-12c1-497f-82e3-1e6245b80516.sock","/home/ros/.gnupg/S.gpg-agent"]', 'DISPLAY': ':0', 'LANG': 'C.UTF-8', 'VSCODE_GIT_IPC_HANDLE': '/tmp/vscode-git-3eeccac72f.sock', 'TERM_PROGRAM': 'vscode', 'SSH_AUTH_SOCK': '/tmp/vscode-ssh-auth-41e7b766-12c1-497f-82e3-1e6245b80516.sock', 'AMENT_PREFIX_PATH': '/home/ros/ros2_ws/install/proj_bixos:/home/ros/ros2_ws/install/my_first_package:/opt/ros/humble', 'SHELL': '/bin/bash', 'VSCODE_GIT_ASKPASS_EXTRA_ARGS': '', 'PWD': '/home/ros/ros2_ws/build/my_first_package', 'LC_ALL': 'C.UTF-8', 'PYTHONPATH': '/home/ros/ros2_ws/build/my_first_package/prefix_override:/usr/lib/python3/dist-packages/colcon_core/task/python/colcon_distutils_commands:/home/ros/ros2_ws/install/my_first_package/lib/python3.10/site-packages:/home/ros/ros2_ws/install/my_first_package/lib/python3.10/site-packages:/opt/ros/humble/lib/python3.10/site-packages:/opt/ros/humble/local/lib/python3.10/dist-packages', 'COLCON': '1', 'CMAKE_PREFIX_PATH': '/home/ros/ros2_ws/install/proj_bixos'}, 'shell': False}
[0.400322] (-) TimerEvent: {}
[0.500631] (-) TimerEvent: {}
[0.539606] (my_first_package) StdoutLine: {'line': b'running egg_info\n'}
[0.540051] (my_first_package) StdoutLine: {'line': b'writing ../../build/my_first_package/my_first_package.egg-info/PKG-INFO\n'}
[0.540205] (my_first_package) StdoutLine: {'line': b'writing dependency_links to ../../build/my_first_package/my_first_package.egg-info/dependency_links.txt\n'}
[0.540446] (my_first_package) StdoutLine: {'line': b'writing entry points to ../../build/my_first_package/my_first_package.egg-info/entry_points.txt\n'}
[0.540560] (my_first_package) StdoutLine: {'line': b'writing requirements to ../../build/my_first_package/my_first_package.egg-info/requires.txt\n'}
[0.540656] (my_first_package) StdoutLine: {'line': b'writing top-level names to ../../build/my_first_package/my_first_package.egg-info/top_level.txt\n'}
[0.541337] (my_first_package) StdoutLine: {'line': b"reading manifest file '../../build/my_first_package/my_first_package.egg-info/SOURCES.txt'\n"}
[0.541750] (my_first_package) StdoutLine: {'line': b"writing manifest file '../../build/my_first_package/my_first_package.egg-info/SOURCES.txt'\n"}
[0.541963] (my_first_package) StdoutLine: {'line': b'running build\n'}
[0.542085] (my_first_package) StdoutLine: {'line': b'running build_py\n'}
[0.542180] (my_first_package) StdoutLine: {'line': b'running install\n'}
[0.542279] (my_first_package) StdoutLine: {'line': b'running install_lib\n'}
[0.542820] (my_first_package) StdoutLine: {'line': b'running install_data\n'}
[0.542953] (my_first_package) StdoutLine: {'line': b'running install_egg_info\n'}
[0.543803] (my_first_package) StdoutLine: {'line': b"removing '/home/ros/ros2_ws/install/my_first_package/lib/python3.10/site-packages/my_first_package-0.0.0-py3.10.egg-info' (and everything under it)\n"}
[0.544037] (my_first_package) StdoutLine: {'line': b'Copying ../../build/my_first_package/my_first_package.egg-info to /home/ros/ros2_ws/install/my_first_package/lib/python3.10/site-packages/my_first_package-0.0.0-py3.10.egg-info\n'}
[0.544246] (my_first_package) StdoutLine: {'line': b'running install_scripts\n'}
[0.559010] (my_first_package) StdoutLine: {'line': b'Installing my_first_node script to /home/ros/ros2_ws/install/my_first_package/lib/my_first_package\n'}
[0.559292] (my_first_package) StdoutLine: {'line': b"writing list of installed files to '/home/ros/ros2_ws/build/my_first_package/install.log'\n"}
[0.581007] (my_first_package) CommandEnded: {'returncode': 0}
[0.587612] (my_first_package) JobEnded: {'identifier': 'my_first_package', 'rc': 0}
[0.588254] (-) EventReactorShutdown: {}
