[0.000000] (-) TimerEvent: {}
[0.000441] (my_first_package) JobQueued: {'identifier': 'my_first_package', 'dependencies': OrderedDict()}
[0.000504] (proj_bixos) JobQueued: {'identifier': 'proj_bixos', 'dependencies': OrderedDict()}
[0.001102] (my_first_package) JobStarted: {'identifier': 'my_first_package'}
[0.016932] (proj_bixos) JobStarted: {'identifier': 'proj_bixos'}
[0.100113] (-) TimerEvent: {}
[0.200870] (-) TimerEvent: {}
[0.301324] (-) TimerEvent: {}
[0.401802] (-) TimerEvent: {}
[0.445066] (proj_bixos) JobProgress: {'identifier': 'proj_bixos', 'progress': 'cmake'}
[0.446458] (proj_bixos) JobProgress: {'identifier': 'proj_bixos', 'progress': 'build'}
[0.447869] (proj_bixos) Command: {'cmd': ['/usr/bin/cmake', '--build', '/home/ros/ros2_ws/build/proj_bixos', '--', '-j12', '-l12'], 'cwd': '/home/ros/ros2_ws/build/proj_bixos', 'env': OrderedDict([('HOSTNAME', 'jpbg'), ('GIT_ASKPASS', '/home/ros/.vscode-server/bin/fee1edb8d6d72a0ddff41e5f71a671c23ed924b9/extensions/git/dist/askpass.sh'), ('SHLVL', '2'), ('LD_LIBRARY_PATH', '/opt/ros/humble/opt/rviz_ogre_vendor/lib:/opt/ros/humble/lib/x86_64-linux-gnu:/opt/ros/humble/lib'), ('BROWSER', '/home/ros/.vscode-server/bin/fee1edb8d6d72a0ddff41e5f71a671c23ed924b9/bin/helpers/browser.sh'), ('HOME', '/home/ros'), ('OLDPWD', '/home/ros'), ('TERM_PROGRAM_VERSION', '1.92.2'), ('VSCODE_IPC_HOOK_CLI', '/tmp/vscode-ipc-19f16050-20d5-46a0-95c4-49938208c116.sock'), ('ROS_PYTHON_VERSION', '3'), ('VSCODE_GIT_ASKPASS_MAIN', '/home/ros/.vscode-server/bin/fee1edb8d6d72a0ddff41e5f71a671c23ed924b9/extensions/git/dist/askpass-main.js'), ('VSCODE_GIT_ASKPASS_NODE', '/home/ros/.vscode-server/bin/fee1edb8d6d72a0ddff41e5f71a671c23ed924b9/node'), ('COLORTERM', 'truecolor'), ('REMOTE_CONTAINERS', 'true'), ('COLCON_PREFIX_PATH', '/home/ros/ros2_ws/install'), ('ROS_DISTRO', 'humble'), ('REMOTE_CONTAINERS_IPC', '/tmp/vscode-remote-containers-ipc-1c3c7a6e-b5d0-4e8b-98dd-cb84ec4df618.sock'), ('_', '/usr/bin/colcon'), ('ROS_VERSION', '2'), ('TERM', 'xterm-256color'), ('ROS_LOCALHOST_ONLY', '0'), ('PATH', '/home/ros/.vscode-server/bin/fee1edb8d6d72a0ddff41e5f71a671c23ed924b9/bin/remote-cli:/opt/ros/humble/bin:/usr/local/sbin:/usr/local/bin:/usr/sbin:/usr/bin:/sbin:/bin'), ('REMOTE_CONTAINERS_SOCKETS', '["/tmp/vscode-ssh-auth-1c3c7a6e-b5d0-4e8b-98dd-cb84ec4df618.sock","/home/ros/.gnupg/S.gpg-agent"]'), ('DISPLAY', ':0'), ('LANG', 'C.UTF-8'), ('VSCODE_GIT_IPC_HANDLE', '/tmp/vscode-git-127800363b.sock'), ('TERM_PROGRAM', 'vscode'), ('SSH_AUTH_SOCK', '/tmp/vscode-ssh-auth-1c3c7a6e-b5d0-4e8b-98dd-cb84ec4df618.sock'), ('AMENT_PREFIX_PATH', '/home/ros/ros2_ws/install/proj_bixos:/home/ros/ros2_ws/install/my_first_package:/opt/ros/humble'), ('SHELL', '/bin/bash'), ('VSCODE_GIT_ASKPASS_EXTRA_ARGS', ''), ('PWD', '/home/ros/ros2_ws/build/proj_bixos'), ('LC_ALL', 'C.UTF-8'), ('PYTHONPATH', '/home/ros/ros2_ws/install/my_first_package/lib/python3.10/site-packages:/opt/ros/humble/lib/python3.10/site-packages:/opt/ros/humble/local/lib/python3.10/dist-packages'), ('COLCON', '1'), ('CMAKE_PREFIX_PATH', '/home/ros/ros2_ws/install/proj_bixos:/home/ros/ros2_ws/install/my_first_package:/opt/ros/humble')]), 'shell': False}
[0.501971] (-) TimerEvent: {}
[0.525110] (proj_bixos) CommandEnded: {'returncode': 0}
[0.570723] (proj_bixos) JobProgress: {'identifier': 'proj_bixos', 'progress': 'install'}
[0.589462] (proj_bixos) Command: {'cmd': ['/usr/bin/cmake', '--install', '/home/ros/ros2_ws/build/proj_bixos'], 'cwd': '/home/ros/ros2_ws/build/proj_bixos', 'env': OrderedDict([('HOSTNAME', 'jpbg'), ('GIT_ASKPASS', '/home/ros/.vscode-server/bin/fee1edb8d6d72a0ddff41e5f71a671c23ed924b9/extensions/git/dist/askpass.sh'), ('SHLVL', '2'), ('LD_LIBRARY_PATH', '/opt/ros/humble/opt/rviz_ogre_vendor/lib:/opt/ros/humble/lib/x86_64-linux-gnu:/opt/ros/humble/lib'), ('BROWSER', '/home/ros/.vscode-server/bin/fee1edb8d6d72a0ddff41e5f71a671c23ed924b9/bin/helpers/browser.sh'), ('HOME', '/home/ros'), ('OLDPWD', '/home/ros'), ('TERM_PROGRAM_VERSION', '1.92.2'), ('VSCODE_IPC_HOOK_CLI', '/tmp/vscode-ipc-19f16050-20d5-46a0-95c4-49938208c116.sock'), ('ROS_PYTHON_VERSION', '3'), ('VSCODE_GIT_ASKPASS_MAIN', '/home/ros/.vscode-server/bin/fee1edb8d6d72a0ddff41e5f71a671c23ed924b9/extensions/git/dist/askpass-main.js'), ('VSCODE_GIT_ASKPASS_NODE', '/home/ros/.vscode-server/bin/fee1edb8d6d72a0ddff41e5f71a671c23ed924b9/node'), ('COLORTERM', 'truecolor'), ('REMOTE_CONTAINERS', 'true'), ('COLCON_PREFIX_PATH', '/home/ros/ros2_ws/install'), ('ROS_DISTRO', 'humble'), ('REMOTE_CONTAINERS_IPC', '/tmp/vscode-remote-containers-ipc-1c3c7a6e-b5d0-4e8b-98dd-cb84ec4df618.sock'), ('_', '/usr/bin/colcon'), ('ROS_VERSION', '2'), ('TERM', 'xterm-256color'), ('ROS_LOCALHOST_ONLY', '0'), ('PATH', '/home/ros/.vscode-server/bin/fee1edb8d6d72a0ddff41e5f71a671c23ed924b9/bin/remote-cli:/opt/ros/humble/bin:/usr/local/sbin:/usr/local/bin:/usr/sbin:/usr/bin:/sbin:/bin'), ('REMOTE_CONTAINERS_SOCKETS', '["/tmp/vscode-ssh-auth-1c3c7a6e-b5d0-4e8b-98dd-cb84ec4df618.sock","/home/ros/.gnupg/S.gpg-agent"]'), ('DISPLAY', ':0'), ('LANG', 'C.UTF-8'), ('VSCODE_GIT_IPC_HANDLE', '/tmp/vscode-git-127800363b.sock'), ('TERM_PROGRAM', 'vscode'), ('SSH_AUTH_SOCK', '/tmp/vscode-ssh-auth-1c3c7a6e-b5d0-4e8b-98dd-cb84ec4df618.sock'), ('AMENT_PREFIX_PATH', '/home/ros/ros2_ws/install/proj_bixos:/home/ros/ros2_ws/install/my_first_package:/opt/ros/humble'), ('SHELL', '/bin/bash'), ('VSCODE_GIT_ASKPASS_EXTRA_ARGS', ''), ('PWD', '/home/ros/ros2_ws/build/proj_bixos'), ('LC_ALL', 'C.UTF-8'), ('PYTHONPATH', '/home/ros/ros2_ws/install/my_first_package/lib/python3.10/site-packages:/opt/ros/humble/lib/python3.10/site-packages:/opt/ros/humble/local/lib/python3.10/dist-packages'), ('COLCON', '1'), ('CMAKE_PREFIX_PATH', '/home/ros/ros2_ws/install/proj_bixos:/home/ros/ros2_ws/install/my_first_package:/opt/ros/humble')]), 'shell': False}
[0.602091] (-) TimerEvent: {}
[0.602580] (proj_bixos) StdoutLine: {'line': b'-- Install configuration: ""\n'}
[0.602948] (proj_bixos) StdoutLine: {'line': b'-- Installing: /home/ros/ros2_ws/install/proj_bixos/lib/proj_bixos/data_collection_node.py\n'}
[0.603256] (proj_bixos) StdoutLine: {'line': b'-- Up-to-date: /home/ros/ros2_ws/install/proj_bixos/lib/proj_bixos/cam_collection_node.py\n'}
[0.603530] (proj_bixos) StdoutLine: {'line': b'-- Up-to-date: /home/ros/ros2_ws/install/proj_bixos/lib/proj_bixos/overlay_test.py\n'}
[0.603745] (proj_bixos) StdoutLine: {'line': b'-- Up-to-date: /home/ros/ros2_ws/install/proj_bixos/share/ament_index/resource_index/package_run_dependencies/proj_bixos\n'}
[0.604007] (proj_bixos) StdoutLine: {'line': b'-- Up-to-date: /home/ros/ros2_ws/install/proj_bixos/share/ament_index/resource_index/parent_prefix_path/proj_bixos\n'}
[0.604228] (proj_bixos) StdoutLine: {'line': b'-- Up-to-date: /home/ros/ros2_ws/install/proj_bixos/share/proj_bixos/environment/ament_prefix_path.sh\n'}
[0.604405] (proj_bixos) StdoutLine: {'line': b'-- Up-to-date: /home/ros/ros2_ws/install/proj_bixos/share/proj_bixos/environment/ament_prefix_path.dsv\n'}
[0.604547] (proj_bixos) StdoutLine: {'line': b'-- Up-to-date: /home/ros/ros2_ws/install/proj_bixos/share/proj_bixos/environment/path.sh\n'}
[0.604685] (proj_bixos) StdoutLine: {'line': b'-- Up-to-date: /home/ros/ros2_ws/install/proj_bixos/share/proj_bixos/environment/path.dsv\n'}
[0.604831] (proj_bixos) StdoutLine: {'line': b'-- Up-to-date: /home/ros/ros2_ws/install/proj_bixos/share/proj_bixos/local_setup.bash\n'}
[0.604993] (proj_bixos) StdoutLine: {'line': b'-- Up-to-date: /home/ros/ros2_ws/install/proj_bixos/share/proj_bixos/local_setup.sh\n'}
[0.605137] (proj_bixos) StdoutLine: {'line': b'-- Up-to-date: /home/ros/ros2_ws/install/proj_bixos/share/proj_bixos/local_setup.zsh\n'}
[0.605275] (proj_bixos) StdoutLine: {'line': b'-- Up-to-date: /home/ros/ros2_ws/install/proj_bixos/share/proj_bixos/local_setup.dsv\n'}
[0.605414] (proj_bixos) StdoutLine: {'line': b'-- Installing: /home/ros/ros2_ws/install/proj_bixos/share/proj_bixos/package.dsv\n'}
[0.605554] (proj_bixos) StdoutLine: {'line': b'-- Up-to-date: /home/ros/ros2_ws/install/proj_bixos/share/ament_index/resource_index/packages/proj_bixos\n'}
[0.605694] (proj_bixos) StdoutLine: {'line': b'-- Up-to-date: /home/ros/ros2_ws/install/proj_bixos/share/proj_bixos/cmake/proj_bixosConfig.cmake\n'}
[0.605845] (proj_bixos) StdoutLine: {'line': b'-- Up-to-date: /home/ros/ros2_ws/install/proj_bixos/share/proj_bixos/cmake/proj_bixosConfig-version.cmake\n'}
[0.606220] (proj_bixos) StdoutLine: {'line': b'-- Up-to-date: /home/ros/ros2_ws/install/proj_bixos/share/proj_bixos/package.xml\n'}
[0.607362] (proj_bixos) CommandEnded: {'returncode': 0}
[0.691895] (proj_bixos) JobEnded: {'identifier': 'proj_bixos', 'rc': 0}
[0.702196] (-) TimerEvent: {}
[0.802555] (-) TimerEvent: {}
[0.903009] (-) TimerEvent: {}
[0.970415] (my_first_package) Command: {'cmd': ['/usr/bin/python3', '-W', 'ignore:setup.py install is deprecated', 'setup.py', 'egg_info', '--egg-base', '../../build/my_first_package', 'build', '--build-base', '/home/ros/ros2_ws/build/my_first_package/build', 'install', '--record', '/home/ros/ros2_ws/build/my_first_package/install.log', '--single-version-externally-managed', 'install_data'], 'cwd': '/home/ros/ros2_ws/src/my_first_package', 'env': {'HOSTNAME': 'jpbg', 'GIT_ASKPASS': '/home/ros/.vscode-server/bin/fee1edb8d6d72a0ddff41e5f71a671c23ed924b9/extensions/git/dist/askpass.sh', 'SHLVL': '2', 'LD_LIBRARY_PATH': '/opt/ros/humble/opt/rviz_ogre_vendor/lib:/opt/ros/humble/lib/x86_64-linux-gnu:/opt/ros/humble/lib', 'BROWSER': '/home/ros/.vscode-server/bin/fee1edb8d6d72a0ddff41e5f71a671c23ed924b9/bin/helpers/browser.sh', 'HOME': '/home/ros', 'OLDPWD': '/home/ros', 'TERM_PROGRAM_VERSION': '1.92.2', 'VSCODE_IPC_HOOK_CLI': '/tmp/vscode-ipc-19f16050-20d5-46a0-95c4-49938208c116.sock', 'ROS_PYTHON_VERSION': '3', 'VSCODE_GIT_ASKPASS_MAIN': '/home/ros/.vscode-server/bin/fee1edb8d6d72a0ddff41e5f71a671c23ed924b9/extensions/git/dist/askpass-main.js', 'VSCODE_GIT_ASKPASS_NODE': '/home/ros/.vscode-server/bin/fee1edb8d6d72a0ddff41e5f71a671c23ed924b9/node', 'COLORTERM': 'truecolor', 'REMOTE_CONTAINERS': 'true', 'COLCON_PREFIX_PATH': '/home/ros/ros2_ws/install', 'ROS_DISTRO': 'humble', 'REMOTE_CONTAINERS_IPC': '/tmp/vscode-remote-containers-ipc-1c3c7a6e-b5d0-4e8b-98dd-cb84ec4df618.sock', '_': '/usr/bin/colcon', 'ROS_VERSION': '2', 'TERM': 'xterm-256color', 'ROS_LOCALHOST_ONLY': '0', 'PATH': '/home/ros/.vscode-server/bin/fee1edb8d6d72a0ddff41e5f71a671c23ed924b9/bin/remote-cli:/opt/ros/humble/bin:/usr/local/sbin:/usr/local/bin:/usr/sbin:/usr/bin:/sbin:/bin', 'REMOTE_CONTAINERS_SOCKETS': '["/tmp/vscode-ssh-auth-1c3c7a6e-b5d0-4e8b-98dd-cb84ec4df618.sock","/home/ros/.gnupg/S.gpg-agent"]', 'DISPLAY': ':0', 'LANG': 'C.UTF-8', 'VSCODE_GIT_IPC_HANDLE': '/tmp/vscode-git-127800363b.sock', 'TERM_PROGRAM': 'vscode', 'SSH_AUTH_SOCK': '/tmp/vscode-ssh-auth-1c3c7a6e-b5d0-4e8b-98dd-cb84ec4df618.sock', 'AMENT_PREFIX_PATH': '/home/ros/ros2_ws/install/proj_bixos:/home/ros/ros2_ws/install/my_first_package:/opt/ros/humble', 'SHELL': '/bin/bash', 'VSCODE_GIT_ASKPASS_EXTRA_ARGS': '', 'PWD': '/home/ros/ros2_ws/build/my_first_package', 'LC_ALL': 'C.UTF-8', 'PYTHONPATH': '/home/ros/ros2_ws/build/my_first_package/prefix_override:/usr/lib/python3/dist-packages/colcon_core/task/python/colcon_distutils_commands:/home/ros/ros2_ws/install/my_first_package/lib/python3.10/site-packages:/home/ros/ros2_ws/install/my_first_package/lib/python3.10/site-packages:/opt/ros/humble/lib/python3.10/site-packages:/opt/ros/humble/local/lib/python3.10/dist-packages', 'COLCON': '1', 'CMAKE_PREFIX_PATH': '/home/ros/ros2_ws/install/proj_bixos'}, 'shell': False}
[1.003220] (-) TimerEvent: {}
[1.103624] (-) TimerEvent: {}
[1.204041] (-) TimerEvent: {}
[1.268140] (my_first_package) StdoutLine: {'line': b'running egg_info\n'}
[1.269016] (my_first_package) StdoutLine: {'line': b'writing ../../build/my_first_package/my_first_package.egg-info/PKG-INFO\n'}
[1.269359] (my_first_package) StdoutLine: {'line': b'writing dependency_links to ../../build/my_first_package/my_first_package.egg-info/dependency_links.txt\n'}
[1.269648] (my_first_package) StdoutLine: {'line': b'writing entry points to ../../build/my_first_package/my_first_package.egg-info/entry_points.txt\n'}
[1.269962] (my_first_package) StdoutLine: {'line': b'writing requirements to ../../build/my_first_package/my_first_package.egg-info/requires.txt\n'}
[1.270150] (my_first_package) StdoutLine: {'line': b'writing top-level names to ../../build/my_first_package/my_first_package.egg-info/top_level.txt\n'}
[1.272453] (my_first_package) StdoutLine: {'line': b"reading manifest file '../../build/my_first_package/my_first_package.egg-info/SOURCES.txt'\n"}
[1.273946] (my_first_package) StdoutLine: {'line': b"writing manifest file '../../build/my_first_package/my_first_package.egg-info/SOURCES.txt'\n"}
[1.274256] (my_first_package) StdoutLine: {'line': b'running build\n'}
[1.274526] (my_first_package) StdoutLine: {'line': b'running build_py\n'}
[1.274724] (my_first_package) StdoutLine: {'line': b'running install\n'}
[1.274922] (my_first_package) StdoutLine: {'line': b'running install_lib\n'}
[1.276548] (my_first_package) StdoutLine: {'line': b'running install_data\n'}
[1.276825] (my_first_package) StdoutLine: {'line': b'running install_egg_info\n'}
[1.279651] (my_first_package) StdoutLine: {'line': b"removing '/home/ros/ros2_ws/install/my_first_package/lib/python3.10/site-packages/my_first_package-0.0.0-py3.10.egg-info' (and everything under it)\n"}
[1.280041] (my_first_package) StdoutLine: {'line': b'Copying ../../build/my_first_package/my_first_package.egg-info to /home/ros/ros2_ws/install/my_first_package/lib/python3.10/site-packages/my_first_package-0.0.0-py3.10.egg-info\n'}
[1.280964] (my_first_package) StdoutLine: {'line': b'running install_scripts\n'}
[1.304256] (-) TimerEvent: {}
[1.307763] (my_first_package) StdoutLine: {'line': b'Installing my_first_node script to /home/ros/ros2_ws/install/my_first_package/lib/my_first_package\n'}
[1.308075] (my_first_package) StdoutLine: {'line': b"writing list of installed files to '/home/ros/ros2_ws/build/my_first_package/install.log'\n"}
[1.345531] (my_first_package) CommandEnded: {'returncode': 0}
[1.356414] (my_first_package) JobEnded: {'identifier': 'my_first_package', 'rc': 0}
[1.357600] (-) EventReactorShutdown: {}
