[0.403s] Invoking command in '/home/ros/ros2_ws/src/my_first_package': PYTHONPATH=/home/ros/ros2_ws/build/my_first_package/prefix_override:/home/ros/ros2_ws/install/my_first_package/lib/python3.10/site-packages:${PYTHONPATH} /usr/bin/python3 setup.py egg_info --egg-base ../../build/my_first_package build --build-base /home/ros/ros2_ws/build/my_first_package/build install --record /home/ros/ros2_ws/build/my_first_package/install.log --single-version-externally-managed
[0.550s] running egg_info
[0.550s] writing ../../build/my_first_package/my_first_package.egg-info/PKG-INFO
[0.551s] writing dependency_links to ../../build/my_first_package/my_first_package.egg-info/dependency_links.txt
[0.551s] writing entry points to ../../build/my_first_package/my_first_package.egg-info/entry_points.txt
[0.551s] writing requirements to ../../build/my_first_package/my_first_package.egg-info/requires.txt
[0.551s] writing top-level names to ../../build/my_first_package/my_first_package.egg-info/top_level.txt
[0.552s] reading manifest file '../../build/my_first_package/my_first_package.egg-info/SOURCES.txt'
[0.553s] writing manifest file '../../build/my_first_package/my_first_package.egg-info/SOURCES.txt'
[0.553s] running build
[0.553s] running build_py
[0.553s] running install
[0.554s] running install_lib
[0.555s] running install_data
[0.555s] running install_egg_info
[0.556s] removing '/home/ros/ros2_ws/install/my_first_package/lib/python3.10/site-packages/my_first_package-0.0.0-py3.10.egg-info' (and everything under it)
[0.556s] Copying ../../build/my_first_package/my_first_package.egg-info to /home/ros/ros2_ws/install/my_first_package/lib/python3.10/site-packages/my_first_package-0.0.0-py3.10.egg-info
[0.557s] running install_scripts
[0.571s] Installing my_first_node script to /home/ros/ros2_ws/install/my_first_package/lib/my_first_package
[0.571s] writing list of installed files to '/home/ros/ros2_ws/build/my_first_package/install.log'
[0.589s] Invoked command in '/home/ros/ros2_ws/src/my_first_package' returned '0': PYTHONPATH=/home/ros/ros2_ws/build/my_first_package/prefix_override:/home/ros/ros2_ws/install/my_first_package/lib/python3.10/site-packages:${PYTHONPATH} /usr/bin/python3 setup.py egg_info --egg-base ../../build/my_first_package build --build-base /home/ros/ros2_ws/build/my_first_package/build install --record /home/ros/ros2_ws/build/my_first_package/install.log --single-version-externally-managed
